{"/home/diana-campos/Documents/JOVENES_CONSTR_FUTURO/MAGMA-BRIGHT-CODERS/PROYECTOS/ToDo-app/client/App.js": {"path":"/home/diana-campos/Documents/JOVENES_CONSTR_FUTURO/MAGMA-BRIGHT-CODERS/PROYECTOS/ToDo-app/client/App.js","statementMap":{"0":{"start":{"line":10,"column":0},"end":{"line":10,"column":35}},"1":{"start":{"line":12,"column":11},"end":{"line":47,"column":1}},"2":{"start":{"line":13,"column":39},"end":{"line":13,"column":54}},"3":{"start":{"line":14,"column":2},"end":{"line":25,"column":9}},"4":{"start":{"line":15,"column":27},"end":{"line":23,"column":7}},"5":{"start":{"line":16,"column":10},"end":{"line":22,"column":11}},"6":{"start":{"line":17,"column":12},"end":{"line":17,"column":67}},"7":{"start":{"line":17,"column":41},"end":{"line":17,"column":66}},"8":{"start":{"line":19,"column":12},"end":{"line":19,"column":69}},"9":{"start":{"line":21,"column":12},"end":{"line":21,"column":31}},"10":{"start":{"line":24,"column":6},"end":{"line":24,"column":19}},"11":{"start":{"line":28,"column":27},"end":{"line":32,"column":18}},"12":{"start":{"line":29,"column":6},"end":{"line":31,"column":7}},"13":{"start":{"line":30,"column":8},"end":{"line":30,"column":39}},"14":{"start":{"line":34,"column":2},"end":{"line":36,"column":3}},"15":{"start":{"line":35,"column":6},"end":{"line":35,"column":24}},"16":{"start":{"line":38,"column":2},"end":{"line":46,"column":4}}},"fnMap":{"0":{"name":"(anonymous_0)","decl":{"start":{"line":12,"column":11},"end":{"line":12,"column":12}},"loc":{"start":{"line":12,"column":17},"end":{"line":47,"column":1}},"line":12},"1":{"name":"(anonymous_1)","decl":{"start":{"line":14,"column":12},"end":{"line":14,"column":13}},"loc":{"start":{"line":14,"column":18},"end":{"line":25,"column":3}},"line":14},"2":{"name":"(anonymous_2)","decl":{"start":{"line":15,"column":27},"end":{"line":15,"column":28}},"loc":{"start":{"line":15,"column":39},"end":{"line":23,"column":7}},"line":15},"3":{"name":"(anonymous_3)","decl":{"start":{"line":17,"column":30},"end":{"line":17,"column":31}},"loc":{"start":{"line":17,"column":41},"end":{"line":17,"column":66}},"line":17},"4":{"name":"(anonymous_4)","decl":{"start":{"line":28,"column":39},"end":{"line":28,"column":40}},"loc":{"start":{"line":28,"column":51},"end":{"line":32,"column":3}},"line":28}},"branchMap":{"0":{"loc":{"start":{"line":29,"column":6},"end":{"line":31,"column":7}},"type":"if","locations":[{"start":{"line":29,"column":6},"end":{"line":31,"column":7}},{"start":{},"end":{}}],"line":29},"1":{"loc":{"start":{"line":34,"column":2},"end":{"line":36,"column":3}},"type":"if","locations":[{"start":{"line":34,"column":2},"end":{"line":36,"column":3}},{"start":{},"end":{}}],"line":34}},"s":{"0":0,"1":0,"2":0,"3":0,"4":0,"5":0,"6":0,"7":0,"8":0,"9":0,"10":0,"11":0,"12":0,"13":0,"14":0,"15":0,"16":0},"f":{"0":0,"1":0,"2":0,"3":0,"4":0},"b":{"0":[0,0],"1":[0,0]}}
,"/home/diana-campos/Documents/JOVENES_CONSTR_FUTURO/MAGMA-BRIGHT-CODERS/PROYECTOS/ToDo-app/client/babel.config.js": {"path":"/home/diana-campos/Documents/JOVENES_CONSTR_FUTURO/MAGMA-BRIGHT-CODERS/PROYECTOS/ToDo-app/client/babel.config.js","statementMap":{"0":{"start":{"line":1,"column":0},"end":{"line":3,"column":4}}},"fnMap":{},"branchMap":{},"s":{"0":0},"f":{},"b":{}}
,"/home/diana-campos/Documents/JOVENES_CONSTR_FUTURO/MAGMA-BRIGHT-CODERS/PROYECTOS/ToDo-app/client/index.js": {"path":"/home/diana-campos/Documents/JOVENES_CONSTR_FUTURO/MAGMA-BRIGHT-CODERS/PROYECTOS/ToDo-app/client/index.js","statementMap":{"0":{"start":{"line":8,"column":0},"end":{"line":8,"column":27}}},"fnMap":{},"branchMap":{},"s":{"0":0},"f":{},"b":{}}
,"/home/diana-campos/Documents/JOVENES_CONSTR_FUTURO/MAGMA-BRIGHT-CODERS/PROYECTOS/ToDo-app/client/src/api/api.js": {"path":"/home/diana-campos/Documents/JOVENES_CONSTR_FUTURO/MAGMA-BRIGHT-CODERS/PROYECTOS/ToDo-app/client/src/api/api.js","statementMap":{"0":{"start":{"line":1,"column":24},"end":{"line":1,"column":56}},"1":{"start":{"line":3,"column":24},"end":{"line":3,"column":57}},"2":{"start":{"line":3,"column":32},"end":{"line":3,"column":57}},"3":{"start":{"line":4,"column":25},"end":{"line":4,"column":72}},"4":{"start":{"line":4,"column":37},"end":{"line":4,"column":72}},"5":{"start":{"line":5,"column":32},"end":{"line":5,"column":104}},"6":{"start":{"line":5,"column":52},"end":{"line":5,"column":104}},"7":{"start":{"line":6,"column":24},"end":{"line":6,"column":89}},"8":{"start":{"line":6,"column":44},"end":{"line":6,"column":89}},"9":{"start":{"line":7,"column":30},"end":{"line":7,"column":60}},"10":{"start":{"line":7,"column":36},"end":{"line":7,"column":60}}},"fnMap":{"0":{"name":"(anonymous_0)","decl":{"start":{"line":3,"column":24},"end":{"line":3,"column":25}},"loc":{"start":{"line":3,"column":32},"end":{"line":3,"column":57}},"line":3},"1":{"name":"(anonymous_1)","decl":{"start":{"line":4,"column":25},"end":{"line":4,"column":26}},"loc":{"start":{"line":4,"column":37},"end":{"line":4,"column":72}},"line":4},"2":{"name":"(anonymous_2)","decl":{"start":{"line":5,"column":32},"end":{"line":5,"column":33}},"loc":{"start":{"line":5,"column":52},"end":{"line":5,"column":104}},"line":5},"3":{"name":"(anonymous_3)","decl":{"start":{"line":6,"column":24},"end":{"line":6,"column":25}},"loc":{"start":{"line":6,"column":44},"end":{"line":6,"column":89}},"line":6},"4":{"name":"(anonymous_4)","decl":{"start":{"line":7,"column":30},"end":{"line":7,"column":31}},"loc":{"start":{"line":7,"column":36},"end":{"line":7,"column":60}},"line":7}},"branchMap":{},"s":{"0":0,"1":0,"2":0,"3":0,"4":0,"5":0,"6":0,"7":0,"8":0,"9":0,"10":0},"f":{"0":0,"1":0,"2":0,"3":0,"4":0},"b":{}}
,"/home/diana-campos/Documents/JOVENES_CONSTR_FUTURO/MAGMA-BRIGHT-CODERS/PROYECTOS/ToDo-app/client/src/api/requests.js": {"path":"/home/diana-campos/Documents/JOVENES_CONSTR_FUTURO/MAGMA-BRIGHT-CODERS/PROYECTOS/ToDo-app/client/src/api/requests.js","statementMap":{"0":{"start":{"line":5,"column":4},"end":{"line":11,"column":5}},"1":{"start":{"line":6,"column":23},"end":{"line":6,"column":48}},"2":{"start":{"line":7,"column":6},"end":{"line":7,"column":64}},"3":{"start":{"line":7,"column":24},"end":{"line":7,"column":64}},"4":{"start":{"line":8,"column":6},"end":{"line":8,"column":35}},"5":{"start":{"line":10,"column":6},"end":{"line":10,"column":51}},"6":{"start":{"line":15,"column":4},"end":{"line":21,"column":5}},"7":{"start":{"line":16,"column":23},"end":{"line":16,"column":53}},"8":{"start":{"line":17,"column":6},"end":{"line":17,"column":65}},"9":{"start":{"line":17,"column":24},"end":{"line":17,"column":65}},"10":{"start":{"line":18,"column":6},"end":{"line":18,"column":35}},"11":{"start":{"line":20,"column":6},"end":{"line":20,"column":52}},"12":{"start":{"line":25,"column":4},"end":{"line":31,"column":5}},"13":{"start":{"line":26,"column":23},"end":{"line":26,"column":60}},"14":{"start":{"line":27,"column":6},"end":{"line":27,"column":64}},"15":{"start":{"line":27,"column":24},"end":{"line":27,"column":64}},"16":{"start":{"line":28,"column":6},"end":{"line":28,"column":35}},"17":{"start":{"line":30,"column":6},"end":{"line":30,"column":51}},"18":{"start":{"line":35,"column":4},"end":{"line":41,"column":5}},"19":{"start":{"line":36,"column":23},"end":{"line":36,"column":52}},"20":{"start":{"line":37,"column":6},"end":{"line":37,"column":70}},"21":{"start":{"line":37,"column":24},"end":{"line":37,"column":70}},"22":{"start":{"line":38,"column":6},"end":{"line":38,"column":35}},"23":{"start":{"line":40,"column":6},"end":{"line":40,"column":57}},"24":{"start":{"line":46,"column":17},"end":{"line":46,"column":32}},"25":{"start":{"line":47,"column":17},"end":{"line":47,"column":32}},"26":{"start":{"line":48,"column":2},"end":{"line":57,"column":3}},"27":{"start":{"line":49,"column":21},"end":{"line":53,"column":6}},"28":{"start":{"line":54,"column":4},"end":{"line":54,"column":19}},"29":{"start":{"line":56,"column":4},"end":{"line":56,"column":49}},"30":{"start":{"line":62,"column":2},"end":{"line":71,"column":3}},"31":{"start":{"line":63,"column":23},"end":{"line":67,"column":8}},"32":{"start":{"line":68,"column":6},"end":{"line":68,"column":21}},"33":{"start":{"line":70,"column":6},"end":{"line":70,"column":49}},"34":{"start":{"line":75,"column":2},"end":{"line":85,"column":3}},"35":{"start":{"line":76,"column":21},"end":{"line":80,"column":6}},"36":{"start":{"line":81,"column":4},"end":{"line":81,"column":74}},"37":{"start":{"line":81,"column":22},"end":{"line":81,"column":74}},"38":{"start":{"line":82,"column":4},"end":{"line":82,"column":27}},"39":{"start":{"line":84,"column":4},"end":{"line":84,"column":60}},"40":{"start":{"line":90,"column":2},"end":{"line":97,"column":3}},"41":{"start":{"line":91,"column":21},"end":{"line":93,"column":6}},"42":{"start":{"line":94,"column":4},"end":{"line":94,"column":19}},"43":{"start":{"line":96,"column":4},"end":{"line":96,"column":49}}},"fnMap":{"0":{"name":"fetchUser","decl":{"start":{"line":4,"column":22},"end":{"line":4,"column":31}},"loc":{"start":{"line":4,"column":36},"end":{"line":12,"column":1}},"line":4},"1":{"name":"fetchTasks","decl":{"start":{"line":14,"column":22},"end":{"line":14,"column":32}},"loc":{"start":{"line":14,"column":41},"end":{"line":22,"column":1}},"line":14},"2":{"name":"fetchTask","decl":{"start":{"line":24,"column":22},"end":{"line":24,"column":31}},"loc":{"start":{"line":24,"column":48},"end":{"line":32,"column":1}},"line":24},"3":{"name":"fetchCategories","decl":{"start":{"line":34,"column":22},"end":{"line":34,"column":37}},"loc":{"start":{"line":34,"column":40},"end":{"line":42,"column":1}},"line":34},"4":{"name":"createTaskRequest","decl":{"start":{"line":45,"column":22},"end":{"line":45,"column":39}},"loc":{"start":{"line":45,"column":49},"end":{"line":58,"column":1}},"line":45},"5":{"name":"editTaskRequest","decl":{"start":{"line":61,"column":22},"end":{"line":61,"column":37}},"loc":{"start":{"line":61,"column":53},"end":{"line":72,"column":1}},"line":61},"6":{"name":"updateToggleCompleted","decl":{"start":{"line":74,"column":22},"end":{"line":74,"column":43}},"loc":{"start":{"line":74,"column":67},"end":{"line":86,"column":1}},"line":74},"7":{"name":"deleteTaskRequest","decl":{"start":{"line":89,"column":22},"end":{"line":89,"column":39}},"loc":{"start":{"line":89,"column":56},"end":{"line":98,"column":1}},"line":89}},"branchMap":{"0":{"loc":{"start":{"line":7,"column":6},"end":{"line":7,"column":64}},"type":"if","locations":[{"start":{"line":7,"column":6},"end":{"line":7,"column":64}},{"start":{},"end":{}}],"line":7},"1":{"loc":{"start":{"line":17,"column":6},"end":{"line":17,"column":65}},"type":"if","locations":[{"start":{"line":17,"column":6},"end":{"line":17,"column":65}},{"start":{},"end":{}}],"line":17},"2":{"loc":{"start":{"line":27,"column":6},"end":{"line":27,"column":64}},"type":"if","locations":[{"start":{"line":27,"column":6},"end":{"line":27,"column":64}},{"start":{},"end":{}}],"line":27},"3":{"loc":{"start":{"line":37,"column":6},"end":{"line":37,"column":70}},"type":"if","locations":[{"start":{"line":37,"column":6},"end":{"line":37,"column":70}},{"start":{},"end":{}}],"line":37},"4":{"loc":{"start":{"line":81,"column":4},"end":{"line":81,"column":74}},"type":"if","locations":[{"start":{"line":81,"column":4},"end":{"line":81,"column":74}},{"start":{},"end":{}}],"line":81}},"s":{"0":0,"1":0,"2":0,"3":0,"4":0,"5":0,"6":0,"7":0,"8":0,"9":0,"10":0,"11":0,"12":0,"13":0,"14":0,"15":0,"16":0,"17":0,"18":0,"19":0,"20":0,"21":0,"22":0,"23":0,"24":0,"25":0,"26":0,"27":0,"28":0,"29":0,"30":0,"31":0,"32":0,"33":0,"34":0,"35":0,"36":0,"37":0,"38":0,"39":0,"40":0,"41":0,"42":0,"43":0},"f":{"0":0,"1":0,"2":0,"3":0,"4":0,"5":0,"6":0,"7":0},"b":{"0":[0,0],"1":[0,0],"2":[0,0],"3":[0,0],"4":[0,0]}}
,"/home/diana-campos/Documents/JOVENES_CONSTR_FUTURO/MAGMA-BRIGHT-CODERS/PROYECTOS/ToDo-app/client/src/components/Category.js": {"path":"/home/diana-campos/Documents/JOVENES_CONSTR_FUTURO/MAGMA-BRIGHT-CODERS/PROYECTOS/ToDo-app/client/src/components/Category.js","statementMap":{"0":{"start":{"line":7,"column":17},"end":{"line":20,"column":1}},"1":{"start":{"line":8,"column":22},"end":{"line":8,"column":86}},"2":{"start":{"line":9,"column":2},"end":{"line":19,"column":3}},"3":{"start":{"line":10,"column":33},"end":{"line":10,"column":101}}},"fnMap":{"0":{"name":"(anonymous_0)","decl":{"start":{"line":7,"column":17},"end":{"line":7,"column":18}},"loc":{"start":{"line":7,"column":69},"end":{"line":20,"column":1}},"line":7},"1":{"name":"(anonymous_1)","decl":{"start":{"line":10,"column":26},"end":{"line":10,"column":27}},"loc":{"start":{"line":10,"column":32},"end":{"line":10,"column":102}},"line":10}},"branchMap":{"0":{"loc":{"start":{"line":8,"column":22},"end":{"line":8,"column":86}},"type":"binary-expr","locations":[{"start":{"line":8,"column":22},"end":{"line":8,"column":47}},{"start":{"line":8,"column":51},"end":{"line":8,"column":86}}],"line":8},"1":{"loc":{"start":{"line":16,"column":30},"end":{"line":16,"column":76}},"type":"cond-expr","locations":[{"start":{"line":16,"column":42},"end":{"line":16,"column":57}},{"start":{"line":16,"column":60},"end":{"line":16,"column":76}}],"line":16}},"s":{"0":0,"1":0,"2":0,"3":0},"f":{"0":0,"1":0},"b":{"0":[0,0],"1":[0,0]}}
,"/home/diana-campos/Documents/JOVENES_CONSTR_FUTURO/MAGMA-BRIGHT-CODERS/PROYECTOS/ToDo-app/client/src/components/CategoryModal.js": {"path":"/home/diana-campos/Documents/JOVENES_CONSTR_FUTURO/MAGMA-BRIGHT-CODERS/PROYECTOS/ToDo-app/client/src/components/CategoryModal.js","statementMap":{"0":{"start":{"line":14,"column":22},"end":{"line":82,"column":1}},"1":{"start":{"line":15,"column":28},"end":{"line":15,"column":46}},"2":{"start":{"line":17,"column":4},"end":{"line":25,"column":77}},"3":{"start":{"line":18,"column":8},"end":{"line":24,"column":9}},"4":{"start":{"line":19,"column":40},"end":{"line":21,"column":45}},"5":{"start":{"line":20,"column":34},"end":{"line":20,"column":74}},"6":{"start":{"line":21,"column":31},"end":{"line":21,"column":44}},"7":{"start":{"line":23,"column":10},"end":{"line":23,"column":61}},"8":{"start":{"line":27,"column":27},"end":{"line":33,"column":5}},"9":{"start":{"line":28,"column":8},"end":{"line":32,"column":9}},"10":{"start":{"line":29,"column":11},"end":{"line":31,"column":43}},"11":{"start":{"line":30,"column":40},"end":{"line":30,"column":57}},"12":{"start":{"line":35,"column":23},"end":{"line":41,"column":5}},"13":{"start":{"line":36,"column":38},"end":{"line":38,"column":45}},"14":{"start":{"line":37,"column":34},"end":{"line":37,"column":74}},"15":{"start":{"line":38,"column":31},"end":{"line":38,"column":44}},"16":{"start":{"line":39,"column":8},"end":{"line":39,"column":59}},"17":{"start":{"line":40,"column":8},"end":{"line":40,"column":31}},"18":{"start":{"line":46,"column":2},"end":{"line":81,"column":3}},"19":{"start":{"line":52,"column":39},"end":{"line":52,"column":61}},"20":{"start":{"line":61,"column":56},"end":{"line":61,"column":74}},"21":{"start":{"line":64,"column":32},"end":{"line":69,"column":34}},"22":{"start":{"line":67,"column":51},"end":{"line":67,"column":74}},"23":{"start":{"line":75,"column":35},"end":{"line":75,"column":47}}},"fnMap":{"0":{"name":"(anonymous_0)","decl":{"start":{"line":14,"column":22},"end":{"line":14,"column":23}},"loc":{"start":{"line":14,"column":121},"end":{"line":82,"column":1}},"line":14},"1":{"name":"(anonymous_1)","decl":{"start":{"line":17,"column":14},"end":{"line":17,"column":15}},"loc":{"start":{"line":17,"column":20},"end":{"line":25,"column":7}},"line":17},"2":{"name":"(anonymous_2)","decl":{"start":{"line":20,"column":20},"end":{"line":20,"column":21}},"loc":{"start":{"line":20,"column":34},"end":{"line":20,"column":74}},"line":20},"3":{"name":"(anonymous_3)","decl":{"start":{"line":21,"column":17},"end":{"line":21,"column":18}},"loc":{"start":{"line":21,"column":31},"end":{"line":21,"column":44}},"line":21},"4":{"name":"(anonymous_4)","decl":{"start":{"line":27,"column":27},"end":{"line":27,"column":28}},"loc":{"start":{"line":27,"column":43},"end":{"line":33,"column":5}},"line":27},"5":{"name":"(anonymous_5)","decl":{"start":{"line":28,"column":30},"end":{"line":28,"column":31}},"loc":{"start":{"line":29,"column":11},"end":{"line":31,"column":43}},"line":29},"6":{"name":"(anonymous_6)","decl":{"start":{"line":30,"column":34},"end":{"line":30,"column":35}},"loc":{"start":{"line":30,"column":40},"end":{"line":30,"column":57}},"line":30},"7":{"name":"(anonymous_7)","decl":{"start":{"line":35,"column":23},"end":{"line":35,"column":24}},"loc":{"start":{"line":35,"column":29},"end":{"line":41,"column":5}},"line":35},"8":{"name":"(anonymous_8)","decl":{"start":{"line":37,"column":20},"end":{"line":37,"column":21}},"loc":{"start":{"line":37,"column":34},"end":{"line":37,"column":74}},"line":37},"9":{"name":"(anonymous_9)","decl":{"start":{"line":38,"column":17},"end":{"line":38,"column":18}},"loc":{"start":{"line":38,"column":31},"end":{"line":38,"column":44}},"line":38},"10":{"name":"(anonymous_10)","decl":{"start":{"line":52,"column":33},"end":{"line":52,"column":34}},"loc":{"start":{"line":52,"column":39},"end":{"line":52,"column":61}},"line":52},"11":{"name":"(anonymous_11)","decl":{"start":{"line":61,"column":46},"end":{"line":61,"column":47}},"loc":{"start":{"line":61,"column":56},"end":{"line":61,"column":74}},"line":61},"12":{"name":"(anonymous_12)","decl":{"start":{"line":63,"column":44},"end":{"line":63,"column":45}},"loc":{"start":{"line":64,"column":32},"end":{"line":69,"column":34}},"line":64},"13":{"name":"(anonymous_13)","decl":{"start":{"line":67,"column":45},"end":{"line":67,"column":46}},"loc":{"start":{"line":67,"column":51},"end":{"line":67,"column":74}},"line":67},"14":{"name":"(anonymous_14)","decl":{"start":{"line":75,"column":29},"end":{"line":75,"column":30}},"loc":{"start":{"line":75,"column":35},"end":{"line":75,"column":47}},"line":75}},"branchMap":{"0":{"loc":{"start":{"line":18,"column":8},"end":{"line":24,"column":9}},"type":"if","locations":[{"start":{"line":18,"column":8},"end":{"line":24,"column":9}},{"start":{},"end":{}}],"line":18},"1":{"loc":{"start":{"line":18,"column":12},"end":{"line":18,"column":57}},"type":"binary-expr","locations":[{"start":{"line":18,"column":12},"end":{"line":18,"column":24}},{"start":{"line":18,"column":28},"end":{"line":18,"column":57}}],"line":18},"2":{"loc":{"start":{"line":29,"column":11},"end":{"line":31,"column":43}},"type":"cond-expr","locations":[{"start":{"line":30,"column":12},"end":{"line":30,"column":58}},{"start":{"line":31,"column":12},"end":{"line":31,"column":43}}],"line":29},"3":{"loc":{"start":{"line":68,"column":67},"end":{"line":68,"column":136}},"type":"binary-expr","locations":[{"start":{"line":68,"column":67},"end":{"line":68,"column":103}},{"start":{"line":68,"column":107},"end":{"line":68,"column":136}}],"line":68}},"s":{"0":0,"1":0,"2":0,"3":0,"4":0,"5":0,"6":0,"7":0,"8":0,"9":0,"10":0,"11":0,"12":0,"13":0,"14":0,"15":0,"16":0,"17":0,"18":0,"19":0,"20":0,"21":0,"22":0,"23":0},"f":{"0":0,"1":0,"2":0,"3":0,"4":0,"5":0,"6":0,"7":0,"8":0,"9":0,"10":0,"11":0,"12":0,"13":0,"14":0},"b":{"0":[0,0],"1":[0,0],"2":[0,0],"3":[0,0]}}
,"/home/diana-campos/Documents/JOVENES_CONSTR_FUTURO/MAGMA-BRIGHT-CODERS/PROYECTOS/ToDo-app/client/src/components/CustomButton.js": {"path":"/home/diana-campos/Documents/JOVENES_CONSTR_FUTURO/MAGMA-BRIGHT-CODERS/PROYECTOS/ToDo-app/client/src/components/CustomButton.js","statementMap":{"0":{"start":{"line":5,"column":21},"end":{"line":15,"column":1}},"1":{"start":{"line":6,"column":2},"end":{"line":14,"column":3}}},"fnMap":{"0":{"name":"(anonymous_0)","decl":{"start":{"line":5,"column":21},"end":{"line":5,"column":22}},"loc":{"start":{"line":5,"column":54},"end":{"line":15,"column":1}},"line":5}},"branchMap":{},"s":{"0":0,"1":0},"f":{"0":0},"b":{}}
,"/home/diana-campos/Documents/JOVENES_CONSTR_FUTURO/MAGMA-BRIGHT-CODERS/PROYECTOS/ToDo-app/client/src/components/CustomDetailField.js": {"path":"/home/diana-campos/Documents/JOVENES_CONSTR_FUTURO/MAGMA-BRIGHT-CODERS/PROYECTOS/ToDo-app/client/src/components/CustomDetailField.js","statementMap":{"0":{"start":{"line":8,"column":26},"end":{"line":57,"column":1}},"1":{"start":{"line":9,"column":32},"end":{"line":11,"column":3}},"2":{"start":{"line":10,"column":4},"end":{"line":10,"column":54}},"3":{"start":{"line":12,"column":26},"end":{"line":32,"column":3}},"4":{"start":{"line":13,"column":4},"end":{"line":17,"column":5}},"5":{"start":{"line":14,"column":6},"end":{"line":16,"column":22}},"6":{"start":{"line":19,"column":4},"end":{"line":30,"column":5}},"7":{"start":{"line":20,"column":6},"end":{"line":29,"column":7}},"8":{"start":{"line":22,"column":10},"end":{"line":22,"column":32}},"9":{"start":{"line":24,"column":10},"end":{"line":24,"column":35}},"10":{"start":{"line":26,"column":10},"end":{"line":26,"column":34}},"11":{"start":{"line":28,"column":10},"end":{"line":28,"column":36}},"12":{"start":{"line":31,"column":4},"end":{"line":31,"column":30}},"13":{"start":{"line":33,"column":2},"end":{"line":56,"column":3}}},"fnMap":{"0":{"name":"(anonymous_0)","decl":{"start":{"line":8,"column":26},"end":{"line":8,"column":27}},"loc":{"start":{"line":8,"column":46},"end":{"line":57,"column":1}},"line":8},"1":{"name":"(anonymous_1)","decl":{"start":{"line":9,"column":32},"end":{"line":9,"column":33}},"loc":{"start":{"line":9,"column":41},"end":{"line":11,"column":3}},"line":9},"2":{"name":"(anonymous_2)","decl":{"start":{"line":12,"column":26},"end":{"line":12,"column":27}},"loc":{"start":{"line":12,"column":32},"end":{"line":32,"column":3}},"line":12}},"branchMap":{"0":{"loc":{"start":{"line":13,"column":4},"end":{"line":17,"column":5}},"type":"if","locations":[{"start":{"line":13,"column":4},"end":{"line":17,"column":5}},{"start":{},"end":{}}],"line":13},"1":{"loc":{"start":{"line":14,"column":13},"end":{"line":16,"column":22}},"type":"cond-expr","locations":[{"start":{"line":15,"column":8},"end":{"line":15,"column":24}},{"start":{"line":16,"column":8},"end":{"line":16,"column":22}}],"line":14},"2":{"loc":{"start":{"line":19,"column":4},"end":{"line":30,"column":5}},"type":"if","locations":[{"start":{"line":19,"column":4},"end":{"line":30,"column":5}},{"start":{},"end":{}}],"line":19},"3":{"loc":{"start":{"line":20,"column":6},"end":{"line":29,"column":7}},"type":"switch","locations":[{"start":{"line":21,"column":8},"end":{"line":22,"column":32}},{"start":{"line":23,"column":8},"end":{"line":24,"column":35}},{"start":{"line":25,"column":8},"end":{"line":26,"column":34}},{"start":{"line":27,"column":8},"end":{"line":28,"column":36}}],"line":20},"4":{"loc":{"start":{"line":34,"column":17},"end":{"line":34,"column":111}},"type":"cond-expr","locations":[{"start":{"line":34,"column":43},"end":{"line":34,"column":81}},{"start":{"line":34,"column":84},"end":{"line":34,"column":111}}],"line":34},"5":{"loc":{"start":{"line":36,"column":7},"end":{"line":53,"column":116}},"type":"cond-expr","locations":[{"start":{"line":37,"column":11},"end":{"line":39,"column":17}},{"start":{"line":40,"column":10},"end":{"line":53,"column":116}}],"line":36},"6":{"loc":{"start":{"line":40,"column":10},"end":{"line":53,"column":116}},"type":"cond-expr","locations":[{"start":{"line":42,"column":10},"end":{"line":44,"column":17}},{"start":{"line":45,"column":11},"end":{"line":53,"column":116}}],"line":40},"7":{"loc":{"start":{"line":45,"column":11},"end":{"line":53,"column":116}},"type":"cond-expr","locations":[{"start":{"line":46,"column":10},"end":{"line":48,"column":17}},{"start":{"line":49,"column":12},"end":{"line":53,"column":116}}],"line":45},"8":{"loc":{"start":{"line":49,"column":12},"end":{"line":53,"column":116}},"type":"cond-expr","locations":[{"start":{"line":50,"column":10},"end":{"line":52,"column":17}},{"start":{"line":53,"column":12},"end":{"line":53,"column":115}}],"line":49},"9":{"loc":{"start":{"line":53,"column":45},"end":{"line":53,"column":107}},"type":"cond-expr","locations":[{"start":{"line":53,"column":67},"end":{"line":53,"column":98}},{"start":{"line":53,"column":102},"end":{"line":53,"column":107}}],"line":53},"10":{"loc":{"start":{"line":53,"column":67},"end":{"line":53,"column":98}},"type":"cond-expr","locations":[{"start":{"line":53,"column":75},"end":{"line":53,"column":86}},{"start":{"line":53,"column":89},"end":{"line":53,"column":98}}],"line":53}},"s":{"0":0,"1":0,"2":0,"3":0,"4":0,"5":0,"6":0,"7":0,"8":0,"9":0,"10":0,"11":0,"12":0,"13":0},"f":{"0":0,"1":0,"2":0},"b":{"0":[0,0],"1":[0,0],"2":[0,0],"3":[0,0,0,0],"4":[0,0],"5":[0,0],"6":[0,0],"7":[0,0],"8":[0,0],"9":[0,0],"10":[0,0]}}
,"/home/diana-campos/Documents/JOVENES_CONSTR_FUTURO/MAGMA-BRIGHT-CODERS/PROYECTOS/ToDo-app/client/src/components/CustomIcon.js": {"path":"/home/diana-campos/Documents/JOVENES_CONSTR_FUTURO/MAGMA-BRIGHT-CODERS/PROYECTOS/ToDo-app/client/src/components/CustomIcon.js","statementMap":{"0":{"start":{"line":6,"column":19},"end":{"line":14,"column":1}},"1":{"start":{"line":7,"column":2},"end":{"line":13,"column":3}}},"fnMap":{"0":{"name":"(anonymous_0)","decl":{"start":{"line":6,"column":19},"end":{"line":6,"column":20}},"loc":{"start":{"line":6,"column":69},"end":{"line":14,"column":1}},"line":6}},"branchMap":{"0":{"loc":{"start":{"line":8,"column":17},"end":{"line":8,"column":98}},"type":"cond-expr","locations":[{"start":{"line":8,"column":30},"end":{"line":8,"column":75}},{"start":{"line":8,"column":78},"end":{"line":8,"column":98}}],"line":8}},"s":{"0":0,"1":0},"f":{"0":0},"b":{"0":[0,0]}}
,"/home/diana-campos/Documents/JOVENES_CONSTR_FUTURO/MAGMA-BRIGHT-CODERS/PROYECTOS/ToDo-app/client/src/components/CustomTitle.js": {"path":"/home/diana-campos/Documents/JOVENES_CONSTR_FUTURO/MAGMA-BRIGHT-CODERS/PROYECTOS/ToDo-app/client/src/components/CustomTitle.js","statementMap":{"0":{"start":{"line":6,"column":20},"end":{"line":15,"column":1}},"1":{"start":{"line":7,"column":2},"end":{"line":14,"column":3}}},"fnMap":{"0":{"name":"(anonymous_0)","decl":{"start":{"line":6,"column":20},"end":{"line":6,"column":21}},"loc":{"start":{"line":6,"column":58},"end":{"line":15,"column":1}},"line":6}},"branchMap":{"0":{"loc":{"start":{"line":6,"column":35},"end":{"line":6,"column":52}},"type":"default-arg","locations":[{"start":{"line":6,"column":51},"end":{"line":6,"column":52}}],"line":6}},"s":{"0":0,"1":0},"f":{"0":0},"b":{"0":[0]}}
,"/home/diana-campos/Documents/JOVENES_CONSTR_FUTURO/MAGMA-BRIGHT-CODERS/PROYECTOS/ToDo-app/client/src/components/CustomUserName.js": {"path":"/home/diana-campos/Documents/JOVENES_CONSTR_FUTURO/MAGMA-BRIGHT-CODERS/PROYECTOS/ToDo-app/client/src/components/CustomUserName.js","statementMap":{"0":{"start":{"line":8,"column":23},"end":{"line":36,"column":1}},"1":{"start":{"line":9,"column":24},"end":{"line":9,"column":87}},"2":{"start":{"line":11,"column":28},"end":{"line":13,"column":49}},"3":{"start":{"line":14,"column":4},"end":{"line":35,"column":7}}},"fnMap":{"0":{"name":"(anonymous_0)","decl":{"start":{"line":8,"column":23},"end":{"line":8,"column":24}},"loc":{"start":{"line":8,"column":64},"end":{"line":36,"column":1}},"line":8},"1":{"name":"(anonymous_1)","decl":{"start":{"line":30,"column":40},"end":{"line":30,"column":41}},"loc":{"start":{"line":30,"column":46},"end":{"line":30,"column":48}},"line":30}},"branchMap":{"0":{"loc":{"start":{"line":9,"column":24},"end":{"line":9,"column":87}},"type":"binary-expr","locations":[{"start":{"line":9,"column":24},"end":{"line":9,"column":47}},{"start":{"line":9,"column":51},"end":{"line":9,"column":87}}],"line":9},"1":{"loc":{"start":{"line":11,"column":28},"end":{"line":13,"column":49}},"type":"cond-expr","locations":[{"start":{"line":12,"column":10},"end":{"line":12,"column":54}},{"start":{"line":13,"column":10},"end":{"line":13,"column":49}}],"line":11},"2":{"loc":{"start":{"line":17,"column":18},"end":{"line":19,"column":78}},"type":"cond-expr","locations":[{"start":{"line":18,"column":19},"end":{"line":18,"column":82}},{"start":{"line":19,"column":19},"end":{"line":19,"column":77}}],"line":17},"3":{"loc":{"start":{"line":22,"column":18},"end":{"line":24,"column":77}},"type":"cond-expr","locations":[{"start":{"line":23,"column":18},"end":{"line":23,"column":75}},{"start":{"line":24,"column":18},"end":{"line":24,"column":77}}],"line":22},"4":{"loc":{"start":{"line":25,"column":18},"end":{"line":27,"column":22}},"type":"cond-expr","locations":[{"start":{"line":26,"column":20},"end":{"line":26,"column":105}},{"start":{"line":27,"column":18},"end":{"line":27,"column":22}}],"line":25},"5":{"loc":{"start":{"line":29,"column":14},"end":{"line":33,"column":22}},"type":"cond-expr","locations":[{"start":{"line":30,"column":20},"end":{"line":32,"column":32}},{"start":{"line":33,"column":18},"end":{"line":33,"column":22}}],"line":29}},"s":{"0":0,"1":0,"2":0,"3":0},"f":{"0":0,"1":0},"b":{"0":[0,0],"1":[0,0],"2":[0,0],"3":[0,0],"4":[0,0],"5":[0,0]}}
,"/home/diana-campos/Documents/JOVENES_CONSTR_FUTURO/MAGMA-BRIGHT-CODERS/PROYECTOS/ToDo-app/client/src/components/EmojiModal.js": {"path":"/home/diana-campos/Documents/JOVENES_CONSTR_FUTURO/MAGMA-BRIGHT-CODERS/PROYECTOS/ToDo-app/client/src/components/EmojiModal.js","statementMap":{"0":{"start":{"line":9,"column":19},"end":{"line":48,"column":1}},"1":{"start":{"line":10,"column":30},"end":{"line":19,"column":7}},"2":{"start":{"line":11,"column":8},"end":{"line":11,"column":40}},"3":{"start":{"line":12,"column":9},"end":{"line":17,"column":18}},"4":{"start":{"line":13,"column":38},"end":{"line":16,"column":13}},"5":{"start":{"line":18,"column":8},"end":{"line":18,"column":31}},"6":{"start":{"line":20,"column":2},"end":{"line":47,"column":3}},"7":{"start":{"line":30,"column":43},"end":{"line":30,"column":65}}},"fnMap":{"0":{"name":"(anonymous_0)","decl":{"start":{"line":9,"column":19},"end":{"line":9,"column":20}},"loc":{"start":{"line":9,"column":96},"end":{"line":48,"column":1}},"line":9},"1":{"name":"(anonymous_1)","decl":{"start":{"line":10,"column":30},"end":{"line":10,"column":31}},"loc":{"start":{"line":10,"column":49},"end":{"line":19,"column":7}},"line":10},"2":{"name":"(anonymous_2)","decl":{"start":{"line":13,"column":27},"end":{"line":13,"column":28}},"loc":{"start":{"line":13,"column":38},"end":{"line":16,"column":13}},"line":13},"3":{"name":"(anonymous_3)","decl":{"start":{"line":30,"column":37},"end":{"line":30,"column":38}},"loc":{"start":{"line":30,"column":43},"end":{"line":30,"column":65}},"line":30}},"branchMap":{"0":{"loc":{"start":{"line":12,"column":9},"end":{"line":17,"column":18}},"type":"cond-expr","locations":[{"start":{"line":13,"column":14},"end":{"line":16,"column":15}},{"start":{"line":17,"column":14},"end":{"line":17,"column":18}}],"line":12}},"s":{"0":0,"1":0,"2":0,"3":0,"4":0,"5":0,"6":0,"7":0},"f":{"0":0,"1":0,"2":0,"3":0},"b":{"0":[0,0]}}
,"/home/diana-campos/Documents/JOVENES_CONSTR_FUTURO/MAGMA-BRIGHT-CODERS/PROYECTOS/ToDo-app/client/src/components/Loader.js": {"path":"/home/diana-campos/Documents/JOVENES_CONSTR_FUTURO/MAGMA-BRIGHT-CODERS/PROYECTOS/ToDo-app/client/src/components/Loader.js","statementMap":{"0":{"start":{"line":6,"column":15},"end":{"line":17,"column":1}},"1":{"start":{"line":7,"column":2},"end":{"line":16,"column":4}}},"fnMap":{"0":{"name":"(anonymous_0)","decl":{"start":{"line":6,"column":15},"end":{"line":6,"column":16}},"loc":{"start":{"line":6,"column":21},"end":{"line":17,"column":1}},"line":6}},"branchMap":{},"s":{"0":0,"1":0},"f":{"0":0},"b":{}}
,"/home/diana-campos/Documents/JOVENES_CONSTR_FUTURO/MAGMA-BRIGHT-CODERS/PROYECTOS/ToDo-app/client/src/components/SelectCategory.js": {"path":"/home/diana-campos/Documents/JOVENES_CONSTR_FUTURO/MAGMA-BRIGHT-CODERS/PROYECTOS/ToDo-app/client/src/components/SelectCategory.js","statementMap":{"0":{"start":{"line":8,"column":23},"end":{"line":18,"column":1}},"1":{"start":{"line":9,"column":24},"end":{"line":9,"column":88}},"2":{"start":{"line":10,"column":4},"end":{"line":17,"column":3}}},"fnMap":{"0":{"name":"(anonymous_0)","decl":{"start":{"line":8,"column":23},"end":{"line":8,"column":24}},"loc":{"start":{"line":8,"column":63},"end":{"line":18,"column":1}},"line":8}},"branchMap":{"0":{"loc":{"start":{"line":9,"column":24},"end":{"line":9,"column":88}},"type":"binary-expr","locations":[{"start":{"line":9,"column":24},"end":{"line":9,"column":49}},{"start":{"line":9,"column":53},"end":{"line":9,"column":88}}],"line":9}},"s":{"0":0,"1":0,"2":0},"f":{"0":0},"b":{"0":[0,0]}}
,"/home/diana-campos/Documents/JOVENES_CONSTR_FUTURO/MAGMA-BRIGHT-CODERS/PROYECTOS/ToDo-app/client/src/components/Task.js": {"path":"/home/diana-campos/Documents/JOVENES_CONSTR_FUTURO/MAGMA-BRIGHT-CODERS/PROYECTOS/ToDo-app/client/src/components/Task.js","statementMap":{"0":{"start":{"line":15,"column":20},"end":{"line":74,"column":1}},"1":{"start":{"line":16,"column":23},"end":{"line":16,"column":38}},"2":{"start":{"line":17,"column":27},"end":{"line":17,"column":42}},"3":{"start":{"line":19,"column":29},"end":{"line":44,"column":5}},"4":{"start":{"line":20,"column":8},"end":{"line":43,"column":9}},"5":{"start":{"line":29,"column":40},"end":{"line":29,"column":74}},"6":{"start":{"line":30,"column":24},"end":{"line":39,"column":25}},"7":{"start":{"line":31,"column":28},"end":{"line":31,"column":48}},"8":{"start":{"line":32,"column":28},"end":{"line":34,"column":32}},"9":{"start":{"line":36,"column":30},"end":{"line":38,"column":32}},"10":{"start":{"line":46,"column":27},"end":{"line":48,"column":6}},"11":{"start":{"line":47,"column":8},"end":{"line":47,"column":32}},"12":{"start":{"line":50,"column":27},"end":{"line":56,"column":6}},"13":{"start":{"line":51,"column":8},"end":{"line":55,"column":10}},"14":{"start":{"line":57,"column":4},"end":{"line":73,"column":6}},"15":{"start":{"line":61,"column":35},"end":{"line":61,"column":105}},"16":{"start":{"line":66,"column":35},"end":{"line":66,"column":53}},"17":{"start":{"line":76,"column":13},"end":{"line":148,"column":1}},"18":{"start":{"line":77,"column":23},"end":{"line":77,"column":38}},"19":{"start":{"line":78,"column":30},"end":{"line":78,"column":42}},"20":{"start":{"line":79,"column":26},"end":{"line":79,"column":100}},"21":{"start":{"line":80,"column":38},"end":{"line":80,"column":54}},"22":{"start":{"line":81,"column":32},"end":{"line":87,"column":5}},"23":{"start":{"line":82,"column":8},"end":{"line":84,"column":9}},"24":{"start":{"line":83,"column":12},"end":{"line":83,"column":41}},"25":{"start":{"line":85,"column":8},"end":{"line":85,"column":57}},"26":{"start":{"line":86,"column":8},"end":{"line":86,"column":31}},"27":{"start":{"line":89,"column":26},"end":{"line":95,"column":5}},"28":{"start":{"line":90,"column":8},"end":{"line":94,"column":9}},"29":{"start":{"line":91,"column":25},"end":{"line":91,"column":48}},"30":{"start":{"line":92,"column":27},"end":{"line":92,"column":53}},"31":{"start":{"line":93,"column":21},"end":{"line":93,"column":46}},"32":{"start":{"line":98,"column":33},"end":{"line":106,"column":3}},"33":{"start":{"line":99,"column":26},"end":{"line":99,"column":36}},"34":{"start":{"line":100,"column":4},"end":{"line":100,"column":32}},"35":{"start":{"line":101,"column":22},"end":{"line":101,"column":82}},"36":{"start":{"line":102,"column":4},"end":{"line":105,"column":5}},"37":{"start":{"line":103,"column":6},"end":{"line":103,"column":50}},"38":{"start":{"line":104,"column":6},"end":{"line":104,"column":35}},"39":{"start":{"line":107,"column":2},"end":{"line":147,"column":3}},"40":{"start":{"line":114,"column":52},"end":{"line":114,"column":158}},"41":{"start":{"line":117,"column":16},"end":{"line":119,"column":17}},"42":{"start":{"line":118,"column":20},"end":{"line":118,"column":40}},"43":{"start":{"line":123,"column":31},"end":{"line":123,"column":104}}},"fnMap":{"0":{"name":"(anonymous_0)","decl":{"start":{"line":15,"column":20},"end":{"line":15,"column":21}},"loc":{"start":{"line":15,"column":70},"end":{"line":74,"column":1}},"line":15},"1":{"name":"(anonymous_1)","decl":{"start":{"line":19,"column":29},"end":{"line":19,"column":30}},"loc":{"start":{"line":19,"column":41},"end":{"line":44,"column":5}},"line":19},"2":{"name":"(anonymous_2)","decl":{"start":{"line":28,"column":29},"end":{"line":28,"column":30}},"loc":{"start":{"line":28,"column":41},"end":{"line":40,"column":21}},"line":28},"3":{"name":"(anonymous_3)","decl":{"start":{"line":46,"column":43},"end":{"line":46,"column":44}},"loc":{"start":{"line":46,"column":49},"end":{"line":48,"column":5}},"line":46},"4":{"name":"(anonymous_4)","decl":{"start":{"line":50,"column":44},"end":{"line":50,"column":45}},"loc":{"start":{"line":50,"column":50},"end":{"line":56,"column":5}},"line":50},"5":{"name":"(anonymous_5)","decl":{"start":{"line":61,"column":29},"end":{"line":61,"column":30}},"loc":{"start":{"line":61,"column":35},"end":{"line":61,"column":105}},"line":61},"6":{"name":"(anonymous_6)","decl":{"start":{"line":66,"column":29},"end":{"line":66,"column":30}},"loc":{"start":{"line":66,"column":35},"end":{"line":66,"column":53}},"line":66},"7":{"name":"(anonymous_7)","decl":{"start":{"line":76,"column":13},"end":{"line":76,"column":14}},"loc":{"start":{"line":76,"column":130},"end":{"line":148,"column":1}},"line":76},"8":{"name":"(anonymous_8)","decl":{"start":{"line":81,"column":32},"end":{"line":81,"column":33}},"loc":{"start":{"line":81,"column":38},"end":{"line":87,"column":5}},"line":81},"9":{"name":"(anonymous_9)","decl":{"start":{"line":89,"column":26},"end":{"line":89,"column":27}},"loc":{"start":{"line":89,"column":32},"end":{"line":95,"column":5}},"line":89},"10":{"name":"(anonymous_10)","decl":{"start":{"line":98,"column":33},"end":{"line":98,"column":34}},"loc":{"start":{"line":98,"column":45},"end":{"line":106,"column":3}},"line":98},"11":{"name":"(anonymous_11)","decl":{"start":{"line":114,"column":32},"end":{"line":114,"column":33}},"loc":{"start":{"line":114,"column":52},"end":{"line":114,"column":158}},"line":114},"12":{"name":"(anonymous_12)","decl":{"start":{"line":116,"column":30},"end":{"line":116,"column":31}},"loc":{"start":{"line":116,"column":36},"end":{"line":120,"column":13}},"line":116},"13":{"name":"(anonymous_13)","decl":{"start":{"line":123,"column":25},"end":{"line":123,"column":26}},"loc":{"start":{"line":123,"column":31},"end":{"line":123,"column":104}},"line":123}},"branchMap":{"0":{"loc":{"start":{"line":30,"column":24},"end":{"line":39,"column":25}},"type":"if","locations":[{"start":{"line":30,"column":24},"end":{"line":39,"column":25}},{"start":{"line":35,"column":35},"end":{"line":39,"column":25}}],"line":30},"1":{"loc":{"start":{"line":79,"column":26},"end":{"line":79,"column":100}},"type":"cond-expr","locations":[{"start":{"line":79,"column":33},"end":{"line":79,"column":87}},{"start":{"line":79,"column":90},"end":{"line":79,"column":100}}],"line":79},"2":{"loc":{"start":{"line":82,"column":8},"end":{"line":84,"column":9}},"type":"if","locations":[{"start":{"line":82,"column":8},"end":{"line":84,"column":9}},{"start":{},"end":{}}],"line":82},"3":{"loc":{"start":{"line":82,"column":12},"end":{"line":82,"column":86}},"type":"binary-expr","locations":[{"start":{"line":82,"column":12},"end":{"line":82,"column":32}},{"start":{"line":82,"column":36},"end":{"line":82,"column":86}}],"line":82},"4":{"loc":{"start":{"line":90,"column":8},"end":{"line":94,"column":9}},"type":"switch","locations":[{"start":{"line":91,"column":12},"end":{"line":91,"column":48}},{"start":{"line":92,"column":12},"end":{"line":92,"column":53}},{"start":{"line":93,"column":12},"end":{"line":93,"column":46}}],"line":90},"5":{"loc":{"start":{"line":102,"column":4},"end":{"line":105,"column":5}},"type":"if","locations":[{"start":{"line":102,"column":4},"end":{"line":105,"column":5}},{"start":{},"end":{}}],"line":102},"6":{"loc":{"start":{"line":117,"column":16},"end":{"line":119,"column":17}},"type":"if","locations":[{"start":{"line":117,"column":16},"end":{"line":119,"column":17}},{"start":{},"end":{}}],"line":117},"7":{"loc":{"start":{"line":129,"column":34},"end":{"line":129,"column":83}},"type":"cond-expr","locations":[{"start":{"line":129,"column":45},"end":{"line":129,"column":63}},{"start":{"line":129,"column":66},"end":{"line":129,"column":83}}],"line":129},"8":{"loc":{"start":{"line":130,"column":31},"end":{"line":130,"column":83}},"type":"cond-expr","locations":[{"start":{"line":130,"column":43},"end":{"line":130,"column":60}},{"start":{"line":130,"column":63},"end":{"line":130,"column":83}}],"line":130}},"s":{"0":0,"1":0,"2":0,"3":0,"4":0,"5":0,"6":0,"7":0,"8":0,"9":0,"10":0,"11":0,"12":0,"13":0,"14":0,"15":0,"16":0,"17":0,"18":0,"19":0,"20":0,"21":0,"22":0,"23":0,"24":0,"25":0,"26":0,"27":0,"28":0,"29":0,"30":0,"31":0,"32":0,"33":0,"34":0,"35":0,"36":0,"37":0,"38":0,"39":0,"40":0,"41":0,"42":0,"43":0},"f":{"0":0,"1":0,"2":0,"3":0,"4":0,"5":0,"6":0,"7":0,"8":0,"9":0,"10":0,"11":0,"12":0,"13":0},"b":{"0":[0,0],"1":[0,0],"2":[0,0],"3":[0,0],"4":[0,0,0],"5":[0,0],"6":[0,0],"7":[0,0],"8":[0,0]}}
,"/home/diana-campos/Documents/JOVENES_CONSTR_FUTURO/MAGMA-BRIGHT-CODERS/PROYECTOS/ToDo-app/client/src/components/TaskInput.js": {"path":"/home/diana-campos/Documents/JOVENES_CONSTR_FUTURO/MAGMA-BRIGHT-CODERS/PROYECTOS/ToDo-app/client/src/components/TaskInput.js","statementMap":{"0":{"start":{"line":10,"column":18},"end":{"line":97,"column":1}},"1":{"start":{"line":11,"column":26},"end":{"line":15,"column":3}},"2":{"start":{"line":16,"column":26},"end":{"line":20,"column":3}},"3":{"start":{"line":22,"column":40},"end":{"line":22,"column":79}},"4":{"start":{"line":24,"column":2},"end":{"line":28,"column":16}},"5":{"start":{"line":25,"column":4},"end":{"line":27,"column":5}},"6":{"start":{"line":26,"column":6},"end":{"line":26,"column":47}},"7":{"start":{"line":30,"column":31},"end":{"line":37,"column":3}},"8":{"start":{"line":31,"column":4},"end":{"line":36,"column":5}},"9":{"start":{"line":32,"column":14},"end":{"line":32,"column":39}},"10":{"start":{"line":33,"column":14},"end":{"line":33,"column":40}},"11":{"start":{"line":34,"column":14},"end":{"line":34,"column":37}},"12":{"start":{"line":35,"column":15},"end":{"line":35,"column":43}},"13":{"start":{"line":39,"column":21},"end":{"line":43,"column":27}},"14":{"start":{"line":45,"column":22},"end":{"line":49,"column":7}},"15":{"start":{"line":51,"column":32},"end":{"line":54,"column":7}},"16":{"start":{"line":52,"column":8},"end":{"line":52,"column":28}},"17":{"start":{"line":53,"column":8},"end":{"line":53,"column":42}},"18":{"start":{"line":56,"column":2},"end":{"line":96,"column":3}}},"fnMap":{"0":{"name":"(anonymous_0)","decl":{"start":{"line":10,"column":18},"end":{"line":10,"column":19}},"loc":{"start":{"line":10,"column":180},"end":{"line":97,"column":1}},"line":10},"1":{"name":"(anonymous_1)","decl":{"start":{"line":24,"column":12},"end":{"line":24,"column":13}},"loc":{"start":{"line":24,"column":18},"end":{"line":28,"column":3}},"line":24},"2":{"name":"(anonymous_2)","decl":{"start":{"line":30,"column":31},"end":{"line":30,"column":32}},"loc":{"start":{"line":30,"column":42},"end":{"line":37,"column":3}},"line":30},"3":{"name":"(anonymous_3)","decl":{"start":{"line":51,"column":32},"end":{"line":51,"column":33}},"loc":{"start":{"line":51,"column":41},"end":{"line":54,"column":7}},"line":51}},"branchMap":{"0":{"loc":{"start":{"line":10,"column":118},"end":{"line":10,"column":135}},"type":"default-arg","locations":[{"start":{"line":10,"column":130},"end":{"line":10,"column":135}}],"line":10},"1":{"loc":{"start":{"line":22,"column":49},"end":{"line":22,"column":78}},"type":"binary-expr","locations":[{"start":{"line":22,"column":49},"end":{"line":22,"column":73}},{"start":{"line":22,"column":77},"end":{"line":22,"column":78}}],"line":22},"2":{"loc":{"start":{"line":25,"column":4},"end":{"line":27,"column":5}},"type":"if","locations":[{"start":{"line":25,"column":4},"end":{"line":27,"column":5}},{"start":{},"end":{}}],"line":25},"3":{"loc":{"start":{"line":25,"column":8},"end":{"line":25,"column":58}},"type":"binary-expr","locations":[{"start":{"line":25,"column":8},"end":{"line":25,"column":15}},{"start":{"line":25,"column":19},"end":{"line":25,"column":58}}],"line":25},"4":{"loc":{"start":{"line":31,"column":4},"end":{"line":36,"column":5}},"type":"switch","locations":[{"start":{"line":32,"column":6},"end":{"line":32,"column":39}},{"start":{"line":33,"column":6},"end":{"line":33,"column":40}},{"start":{"line":34,"column":6},"end":{"line":34,"column":37}},{"start":{"line":35,"column":6},"end":{"line":35,"column":43}}],"line":31},"5":{"loc":{"start":{"line":39,"column":21},"end":{"line":43,"column":27}},"type":"cond-expr","locations":[{"start":{"line":40,"column":8},"end":{"line":40,"column":38}},{"start":{"line":41,"column":8},"end":{"line":43,"column":27}}],"line":39},"6":{"loc":{"start":{"line":41,"column":8},"end":{"line":43,"column":27}},"type":"cond-expr","locations":[{"start":{"line":42,"column":8},"end":{"line":42,"column":31}},{"start":{"line":43,"column":8},"end":{"line":43,"column":27}}],"line":41},"7":{"loc":{"start":{"line":46,"column":94},"end":{"line":46,"column":161}},"type":"cond-expr","locations":[{"start":{"line":46,"column":116},"end":{"line":46,"column":133}},{"start":{"line":46,"column":136},"end":{"line":46,"column":161}}],"line":46},"8":{"loc":{"start":{"line":47,"column":97},"end":{"line":47,"column":166}},"type":"cond-expr","locations":[{"start":{"line":47,"column":119},"end":{"line":47,"column":137}},{"start":{"line":47,"column":140},"end":{"line":47,"column":166}}],"line":47},"9":{"loc":{"start":{"line":48,"column":95},"end":{"line":48,"column":158}},"type":"cond-expr","locations":[{"start":{"line":48,"column":117},"end":{"line":48,"column":132}},{"start":{"line":48,"column":135},"end":{"line":48,"column":158}}],"line":48},"10":{"loc":{"start":{"line":58,"column":26},"end":{"line":58,"column":65}},"type":"cond-expr","locations":[{"start":{"line":58,"column":38},"end":{"line":58,"column":60}},{"start":{"line":58,"column":63},"end":{"line":58,"column":65}}],"line":58},"11":{"loc":{"start":{"line":60,"column":47},"end":{"line":60,"column":109}},"type":"cond-expr","locations":[{"start":{"line":60,"column":59},"end":{"line":60,"column":86}},{"start":{"line":60,"column":89},"end":{"line":60,"column":109}}],"line":60},"12":{"loc":{"start":{"line":61,"column":41},"end":{"line":61,"column":75}},"type":"cond-expr","locations":[{"start":{"line":61,"column":53},"end":{"line":61,"column":67}},{"start":{"line":61,"column":68},"end":{"line":61,"column":75}}],"line":61},"13":{"loc":{"start":{"line":63,"column":8},"end":{"line":94,"column":8}},"type":"cond-expr","locations":[{"start":{"line":64,"column":8},"end":{"line":81,"column":10}},{"start":{"line":82,"column":8},"end":{"line":94,"column":8}}],"line":63}},"s":{"0":0,"1":0,"2":0,"3":0,"4":0,"5":0,"6":0,"7":0,"8":0,"9":0,"10":0,"11":0,"12":0,"13":0,"14":0,"15":0,"16":0,"17":0,"18":0},"f":{"0":0,"1":0,"2":0,"3":0},"b":{"0":[0],"1":[0,0],"2":[0,0],"3":[0,0],"4":[0,0,0,0],"5":[0,0],"6":[0,0],"7":[0,0],"8":[0,0],"9":[0,0],"10":[0,0],"11":[0,0],"12":[0,0],"13":[0,0]}}
,"/home/diana-campos/Documents/JOVENES_CONSTR_FUTURO/MAGMA-BRIGHT-CODERS/PROYECTOS/ToDo-app/client/src/context/userContext.js": {"path":"/home/diana-campos/Documents/JOVENES_CONSTR_FUTURO/MAGMA-BRIGHT-CODERS/PROYECTOS/ToDo-app/client/src/context/userContext.js","statementMap":{"0":{"start":{"line":3,"column":20},"end":{"line":3,"column":35}},"1":{"start":{"line":4,"column":30},"end":{"line":4,"column":59}},"2":{"start":{"line":4,"column":36},"end":{"line":4,"column":59}},"3":{"start":{"line":6,"column":28},"end":{"line":15,"column":1}},"4":{"start":{"line":7,"column":28},"end":{"line":7,"column":39}},"5":{"start":{"line":10,"column":4},"end":{"line":14,"column":6}}},"fnMap":{"0":{"name":"(anonymous_0)","decl":{"start":{"line":4,"column":30},"end":{"line":4,"column":31}},"loc":{"start":{"line":4,"column":36},"end":{"line":4,"column":59}},"line":4},"1":{"name":"(anonymous_1)","decl":{"start":{"line":6,"column":28},"end":{"line":6,"column":29}},"loc":{"start":{"line":6,"column":46},"end":{"line":15,"column":1}},"line":6}},"branchMap":{},"s":{"0":0,"1":0,"2":0,"3":0,"4":0,"5":0},"f":{"0":0,"1":0},"b":{}}
,"/home/diana-campos/Documents/JOVENES_CONSTR_FUTURO/MAGMA-BRIGHT-CODERS/PROYECTOS/ToDo-app/client/src/data/categoryImages.js": {"path":"/home/diana-campos/Documents/JOVENES_CONSTR_FUTURO/MAGMA-BRIGHT-CODERS/PROYECTOS/ToDo-app/client/src/data/categoryImages.js","statementMap":{"0":{"start":{"line":1,"column":23},"end":{"line":24,"column":1}}},"fnMap":{},"branchMap":{},"s":{"0":0},"f":{},"b":{}}
,"/home/diana-campos/Documents/JOVENES_CONSTR_FUTURO/MAGMA-BRIGHT-CODERS/PROYECTOS/ToDo-app/client/src/data/imageMapping.js": {"path":"/home/diana-campos/Documents/JOVENES_CONSTR_FUTURO/MAGMA-BRIGHT-CODERS/PROYECTOS/ToDo-app/client/src/data/imageMapping.js","statementMap":{"0":{"start":{"line":1,"column":21},"end":{"line":11,"column":1}}},"fnMap":{},"branchMap":{},"s":{"0":0},"f":{},"b":{}}
,"/home/diana-campos/Documents/JOVENES_CONSTR_FUTURO/MAGMA-BRIGHT-CODERS/PROYECTOS/ToDo-app/client/src/hooks/useAllCategories.js": {"path":"/home/diana-campos/Documents/JOVENES_CONSTR_FUTURO/MAGMA-BRIGHT-CODERS/PROYECTOS/ToDo-app/client/src/hooks/useAllCategories.js","statementMap":{"0":{"start":{"line":4,"column":32},"end":{"line":30,"column":1}},"1":{"start":{"line":5,"column":60},"end":{"line":5,"column":74}},"2":{"start":{"line":6,"column":46},"end":{"line":6,"column":58}},"3":{"start":{"line":8,"column":29},"end":{"line":22,"column":5}},"4":{"start":{"line":10,"column":8},"end":{"line":21,"column":9}},"5":{"start":{"line":11,"column":25},"end":{"line":11,"column":48}},"6":{"start":{"line":12,"column":11},"end":{"line":16,"column":12}},"7":{"start":{"line":13,"column":15},"end":{"line":13,"column":37}},"8":{"start":{"line":15,"column":12},"end":{"line":15,"column":49}},"9":{"start":{"line":18,"column":12},"end":{"line":18,"column":62}},"10":{"start":{"line":20,"column":12},"end":{"line":20,"column":42}},"11":{"start":{"line":24,"column":4},"end":{"line":26,"column":11}},"12":{"start":{"line":25,"column":12},"end":{"line":25,"column":31}},"13":{"start":{"line":28,"column":4},"end":{"line":28,"column":48}}},"fnMap":{"0":{"name":"(anonymous_0)","decl":{"start":{"line":4,"column":32},"end":{"line":4,"column":33}},"loc":{"start":{"line":4,"column":38},"end":{"line":30,"column":1}},"line":4},"1":{"name":"(anonymous_1)","decl":{"start":{"line":8,"column":29},"end":{"line":8,"column":30}},"loc":{"start":{"line":8,"column":41},"end":{"line":22,"column":5}},"line":8},"2":{"name":"(anonymous_2)","decl":{"start":{"line":24,"column":14},"end":{"line":24,"column":15}},"loc":{"start":{"line":24,"column":20},"end":{"line":26,"column":5}},"line":24}},"branchMap":{"0":{"loc":{"start":{"line":12,"column":11},"end":{"line":16,"column":12}},"type":"if","locations":[{"start":{"line":12,"column":11},"end":{"line":16,"column":12}},{"start":{"line":14,"column":16},"end":{"line":16,"column":12}}],"line":12},"1":{"loc":{"start":{"line":12,"column":14},"end":{"line":12,"column":37}},"type":"binary-expr","locations":[{"start":{"line":12,"column":14},"end":{"line":12,"column":18}},{"start":{"line":12,"column":22},"end":{"line":12,"column":37}}],"line":12}},"s":{"0":0,"1":0,"2":0,"3":0,"4":0,"5":0,"6":0,"7":0,"8":0,"9":0,"10":0,"11":0,"12":0,"13":0},"f":{"0":0,"1":0,"2":0},"b":{"0":[0,0],"1":[0,0]}}
,"/home/diana-campos/Documents/JOVENES_CONSTR_FUTURO/MAGMA-BRIGHT-CODERS/PROYECTOS/ToDo-app/client/src/hooks/useCategoryForUser.js": {"path":"/home/diana-campos/Documents/JOVENES_CONSTR_FUTURO/MAGMA-BRIGHT-CODERS/PROYECTOS/ToDo-app/client/src/hooks/useCategoryForUser.js","statementMap":{"0":{"start":{"line":5,"column":34},"end":{"line":43,"column":1}},"1":{"start":{"line":6,"column":54},"end":{"line":6,"column":68}},"2":{"start":{"line":7,"column":54},"end":{"line":7,"column":66}},"3":{"start":{"line":8,"column":28},"end":{"line":8,"column":46}},"4":{"start":{"line":10,"column":33},"end":{"line":36,"column":5}},"5":{"start":{"line":11,"column":28},"end":{"line":11,"column":30}},"6":{"start":{"line":12,"column":8},"end":{"line":12,"column":34}},"7":{"start":{"line":13,"column":8},"end":{"line":35,"column":9}},"8":{"start":{"line":14,"column":12},"end":{"line":21,"column":15}},"9":{"start":{"line":15,"column":16},"end":{"line":20,"column":17}},"10":{"start":{"line":16,"column":44},"end":{"line":16,"column":72}},"11":{"start":{"line":17,"column":20},"end":{"line":19,"column":22}},"12":{"start":{"line":18,"column":24},"end":{"line":18,"column":75}},"13":{"start":{"line":22,"column":42},"end":{"line":29,"column":13}},"14":{"start":{"line":23,"column":33},"end":{"line":23,"column":92}},"15":{"start":{"line":23,"column":66},"end":{"line":23,"column":91}},"16":{"start":{"line":24,"column":12},"end":{"line":28,"column":14}},"17":{"start":{"line":30,"column":11},"end":{"line":30,"column":55}},"18":{"start":{"line":32,"column":12},"end":{"line":32,"column":69}},"19":{"start":{"line":34,"column":12},"end":{"line":34,"column":39}},"20":{"start":{"line":38,"column":4},"end":{"line":40,"column":16}},"21":{"start":{"line":39,"column":12},"end":{"line":39,"column":35}},"22":{"start":{"line":42,"column":4},"end":{"line":42,"column":49}}},"fnMap":{"0":{"name":"(anonymous_0)","decl":{"start":{"line":5,"column":34},"end":{"line":5,"column":35}},"loc":{"start":{"line":5,"column":45},"end":{"line":43,"column":1}},"line":5},"1":{"name":"(anonymous_1)","decl":{"start":{"line":10,"column":33},"end":{"line":10,"column":34}},"loc":{"start":{"line":10,"column":39},"end":{"line":36,"column":5}},"line":10},"2":{"name":"(anonymous_2)","decl":{"start":{"line":14,"column":26},"end":{"line":14,"column":27}},"loc":{"start":{"line":14,"column":36},"end":{"line":21,"column":13}},"line":14},"3":{"name":"(anonymous_3)","decl":{"start":{"line":17,"column":44},"end":{"line":17,"column":45}},"loc":{"start":{"line":17,"column":53},"end":{"line":19,"column":21}},"line":17},"4":{"name":"(anonymous_4)","decl":{"start":{"line":22,"column":73},"end":{"line":22,"column":74}},"loc":{"start":{"line":22,"column":86},"end":{"line":29,"column":12}},"line":22},"5":{"name":"(anonymous_5)","decl":{"start":{"line":23,"column":52},"end":{"line":23,"column":53}},"loc":{"start":{"line":23,"column":66},"end":{"line":23,"column":91}},"line":23},"6":{"name":"(anonymous_6)","decl":{"start":{"line":38,"column":14},"end":{"line":38,"column":15}},"loc":{"start":{"line":38,"column":20},"end":{"line":40,"column":5}},"line":38}},"branchMap":{"0":{"loc":{"start":{"line":15,"column":16},"end":{"line":20,"column":17}},"type":"if","locations":[{"start":{"line":15,"column":16},"end":{"line":20,"column":17}},{"start":{},"end":{}}],"line":15},"1":{"loc":{"start":{"line":18,"column":46},"end":{"line":18,"column":69}},"type":"binary-expr","locations":[{"start":{"line":18,"column":46},"end":{"line":18,"column":64}},{"start":{"line":18,"column":68},"end":{"line":18,"column":69}}],"line":18},"2":{"loc":{"start":{"line":27,"column":27},"end":{"line":27,"column":80}},"type":"cond-expr","locations":[{"start":{"line":27,"column":42},"end":{"line":27,"column":64}},{"start":{"line":27,"column":67},"end":{"line":27,"column":80}}],"line":27}},"s":{"0":0,"1":0,"2":0,"3":0,"4":0,"5":0,"6":0,"7":0,"8":0,"9":0,"10":0,"11":0,"12":0,"13":0,"14":0,"15":0,"16":0,"17":0,"18":0,"19":0,"20":0,"21":0,"22":0},"f":{"0":0,"1":0,"2":0,"3":0,"4":0,"5":0,"6":0},"b":{"0":[0,0],"1":[0,0],"2":[0,0]}}
,"/home/diana-campos/Documents/JOVENES_CONSTR_FUTURO/MAGMA-BRIGHT-CODERS/PROYECTOS/ToDo-app/client/src/hooks/useDeleteTask.js": {"path":"/home/diana-campos/Documents/JOVENES_CONSTR_FUTURO/MAGMA-BRIGHT-CODERS/PROYECTOS/ToDo-app/client/src/hooks/useDeleteTask.js","statementMap":{"0":{"start":{"line":4,"column":29},"end":{"line":29,"column":1}},"1":{"start":{"line":5,"column":46},"end":{"line":5,"column":61}},"2":{"start":{"line":6,"column":30},"end":{"line":6,"column":44}},"3":{"start":{"line":8,"column":23},"end":{"line":26,"column":5}},"4":{"start":{"line":9,"column":8},"end":{"line":9,"column":31}},"5":{"start":{"line":10,"column":8},"end":{"line":10,"column":23}},"6":{"start":{"line":12,"column":8},"end":{"line":25,"column":9}},"7":{"start":{"line":13,"column":29},"end":{"line":13,"column":68}},"8":{"start":{"line":14,"column":12},"end":{"line":18,"column":13}},"9":{"start":{"line":15,"column":16},"end":{"line":15,"column":28}},"10":{"start":{"line":17,"column":16},"end":{"line":17,"column":85}},"11":{"start":{"line":20,"column":12},"end":{"line":20,"column":57}},"12":{"start":{"line":21,"column":12},"end":{"line":21,"column":36}},"13":{"start":{"line":22,"column":12},"end":{"line":22,"column":25}},"14":{"start":{"line":24,"column":12},"end":{"line":24,"column":36}},"15":{"start":{"line":28,"column":4},"end":{"line":28,"column":48}}},"fnMap":{"0":{"name":"(anonymous_0)","decl":{"start":{"line":4,"column":29},"end":{"line":4,"column":30}},"loc":{"start":{"line":4,"column":35},"end":{"line":29,"column":1}},"line":4},"1":{"name":"(anonymous_1)","decl":{"start":{"line":8,"column":23},"end":{"line":8,"column":24}},"loc":{"start":{"line":8,"column":49},"end":{"line":26,"column":5}},"line":8}},"branchMap":{"0":{"loc":{"start":{"line":14,"column":12},"end":{"line":18,"column":13}},"type":"if","locations":[{"start":{"line":14,"column":12},"end":{"line":18,"column":13}},{"start":{"line":16,"column":19},"end":{"line":18,"column":13}}],"line":14}},"s":{"0":0,"1":0,"2":0,"3":0,"4":0,"5":0,"6":0,"7":0,"8":0,"9":0,"10":0,"11":0,"12":0,"13":0,"14":0,"15":0},"f":{"0":0,"1":0},"b":{"0":[0,0]}}
,"/home/diana-campos/Documents/JOVENES_CONSTR_FUTURO/MAGMA-BRIGHT-CODERS/PROYECTOS/ToDo-app/client/src/hooks/useTask.js": {"path":"/home/diana-campos/Documents/JOVENES_CONSTR_FUTURO/MAGMA-BRIGHT-CODERS/PROYECTOS/ToDo-app/client/src/hooks/useTask.js","statementMap":{"0":{"start":{"line":5,"column":22},"end":{"line":32,"column":1}},"1":{"start":{"line":6,"column":42},"end":{"line":6,"column":56}},"2":{"start":{"line":7,"column":28},"end":{"line":7,"column":42}},"3":{"start":{"line":10,"column":25},"end":{"line":23,"column":5}},"4":{"start":{"line":11,"column":8},"end":{"line":22,"column":9}},"5":{"start":{"line":12,"column":25},"end":{"line":12,"column":56}},"6":{"start":{"line":13,"column":12},"end":{"line":17,"column":13}},"7":{"start":{"line":14,"column":16},"end":{"line":14,"column":29}},"8":{"start":{"line":16,"column":16},"end":{"line":16,"column":66}},"9":{"start":{"line":19,"column":12},"end":{"line":19,"column":53}},"10":{"start":{"line":21,"column":12},"end":{"line":21,"column":33}},"11":{"start":{"line":25,"column":4},"end":{"line":29,"column":17}},"12":{"start":{"line":26,"column":8},"end":{"line":28,"column":9}},"13":{"start":{"line":27,"column":12},"end":{"line":27,"column":26}},"14":{"start":{"line":31,"column":4},"end":{"line":31,"column":30}}},"fnMap":{"0":{"name":"(anonymous_0)","decl":{"start":{"line":5,"column":22},"end":{"line":5,"column":23}},"loc":{"start":{"line":5,"column":42},"end":{"line":32,"column":1}},"line":5},"1":{"name":"(anonymous_1)","decl":{"start":{"line":10,"column":25},"end":{"line":10,"column":26}},"loc":{"start":{"line":10,"column":37},"end":{"line":23,"column":5}},"line":10},"2":{"name":"(anonymous_2)","decl":{"start":{"line":25,"column":14},"end":{"line":25,"column":15}},"loc":{"start":{"line":25,"column":20},"end":{"line":29,"column":5}},"line":25}},"branchMap":{"0":{"loc":{"start":{"line":13,"column":12},"end":{"line":17,"column":13}},"type":"if","locations":[{"start":{"line":13,"column":12},"end":{"line":17,"column":13}},{"start":{"line":15,"column":18},"end":{"line":17,"column":13}}],"line":13},"1":{"loc":{"start":{"line":26,"column":8},"end":{"line":28,"column":9}},"type":"if","locations":[{"start":{"line":26,"column":8},"end":{"line":28,"column":9}},{"start":{},"end":{}}],"line":26}},"s":{"0":0,"1":0,"2":0,"3":0,"4":0,"5":0,"6":0,"7":0,"8":0,"9":0,"10":0,"11":0,"12":0,"13":0,"14":0},"f":{"0":0,"1":0,"2":0},"b":{"0":[0,0],"1":[0,0]}}
,"/home/diana-campos/Documents/JOVENES_CONSTR_FUTURO/MAGMA-BRIGHT-CODERS/PROYECTOS/ToDo-app/client/src/hooks/useTasks.js": {"path":"/home/diana-campos/Documents/JOVENES_CONSTR_FUTURO/MAGMA-BRIGHT-CODERS/PROYECTOS/ToDo-app/client/src/hooks/useTasks.js","statementMap":{"0":{"start":{"line":5,"column":24},"end":{"line":26,"column":1}},"1":{"start":{"line":6,"column":44},"end":{"line":6,"column":59}},"2":{"start":{"line":7,"column":30},"end":{"line":7,"column":42}},"3":{"start":{"line":9,"column":25},"end":{"line":19,"column":16}},"4":{"start":{"line":10,"column":8},"end":{"line":10,"column":29}},"5":{"start":{"line":11,"column":8},"end":{"line":18,"column":9}},"6":{"start":{"line":12,"column":25},"end":{"line":12,"column":49}},"7":{"start":{"line":13,"column":12},"end":{"line":13,"column":26}},"8":{"start":{"line":15,"column":12},"end":{"line":15,"column":61}},"9":{"start":{"line":17,"column":12},"end":{"line":17,"column":34}},"10":{"start":{"line":21,"column":4},"end":{"line":23,"column":23}},"11":{"start":{"line":22,"column":8},"end":{"line":22,"column":23}},"12":{"start":{"line":25,"column":4},"end":{"line":25,"column":63}}},"fnMap":{"0":{"name":"(anonymous_0)","decl":{"start":{"line":5,"column":24},"end":{"line":5,"column":25}},"loc":{"start":{"line":5,"column":36},"end":{"line":26,"column":1}},"line":5},"1":{"name":"(anonymous_1)","decl":{"start":{"line":9,"column":37},"end":{"line":9,"column":38}},"loc":{"start":{"line":9,"column":49},"end":{"line":19,"column":5}},"line":9},"2":{"name":"(anonymous_2)","decl":{"start":{"line":21,"column":14},"end":{"line":21,"column":15}},"loc":{"start":{"line":21,"column":20},"end":{"line":23,"column":5}},"line":21}},"branchMap":{},"s":{"0":0,"1":0,"2":0,"3":0,"4":0,"5":0,"6":0,"7":0,"8":0,"9":0,"10":0,"11":0,"12":0},"f":{"0":0,"1":0,"2":0},"b":{}}
,"/home/diana-campos/Documents/JOVENES_CONSTR_FUTURO/MAGMA-BRIGHT-CODERS/PROYECTOS/ToDo-app/client/src/hooks/useUser.js": {"path":"/home/diana-campos/Documents/JOVENES_CONSTR_FUTURO/MAGMA-BRIGHT-CODERS/PROYECTOS/ToDo-app/client/src/hooks/useUser.js","statementMap":{"0":{"start":{"line":5,"column":23},"end":{"line":25,"column":1}},"1":{"start":{"line":6,"column":42},"end":{"line":6,"column":56}},"2":{"start":{"line":7,"column":32},"end":{"line":7,"column":46}},"3":{"start":{"line":9,"column":24},"end":{"line":18,"column":5}},"4":{"start":{"line":10,"column":8},"end":{"line":17,"column":9}},"5":{"start":{"line":11,"column":26},"end":{"line":11,"column":45}},"6":{"start":{"line":12,"column":12},"end":{"line":12,"column":26}},"7":{"start":{"line":14,"column":12},"end":{"line":14,"column":54}},"8":{"start":{"line":16,"column":12},"end":{"line":16,"column":33}},"9":{"start":{"line":20,"column":4},"end":{"line":22,"column":13}},"10":{"start":{"line":21,"column":8},"end":{"line":21,"column":21}},"11":{"start":{"line":24,"column":4},"end":{"line":24,"column":34}}},"fnMap":{"0":{"name":"(anonymous_0)","decl":{"start":{"line":5,"column":23},"end":{"line":5,"column":24}},"loc":{"start":{"line":5,"column":31},"end":{"line":25,"column":1}},"line":5},"1":{"name":"(anonymous_1)","decl":{"start":{"line":9,"column":24},"end":{"line":9,"column":25}},"loc":{"start":{"line":9,"column":36},"end":{"line":18,"column":5}},"line":9},"2":{"name":"(anonymous_2)","decl":{"start":{"line":20,"column":14},"end":{"line":20,"column":15}},"loc":{"start":{"line":20,"column":20},"end":{"line":22,"column":5}},"line":20}},"branchMap":{},"s":{"0":0,"1":0,"2":0,"3":0,"4":0,"5":0,"6":0,"7":0,"8":0,"9":0,"10":0,"11":0},"f":{"0":0,"1":0,"2":0},"b":{}}
,"/home/diana-campos/Documents/JOVENES_CONSTR_FUTURO/MAGMA-BRIGHT-CODERS/PROYECTOS/ToDo-app/client/src/navigation/Navigation.js": {"path":"/home/diana-campos/Documents/JOVENES_CONSTR_FUTURO/MAGMA-BRIGHT-CODERS/PROYECTOS/ToDo-app/client/src/navigation/Navigation.js","statementMap":{"0":{"start":{"line":11,"column":19},"end":{"line":26,"column":1}},"1":{"start":{"line":12,"column":18},"end":{"line":12,"column":40}},"2":{"start":{"line":13,"column":4},"end":{"line":25,"column":5}}},"fnMap":{"0":{"name":"(anonymous_0)","decl":{"start":{"line":11,"column":19},"end":{"line":11,"column":20}},"loc":{"start":{"line":11,"column":25},"end":{"line":26,"column":1}},"line":11}},"branchMap":{},"s":{"0":0,"1":0,"2":0},"f":{"0":0},"b":{}}
,"/home/diana-campos/Documents/JOVENES_CONSTR_FUTURO/MAGMA-BRIGHT-CODERS/PROYECTOS/ToDo-app/client/src/screens/Categories.js": {"path":"/home/diana-campos/Documents/JOVENES_CONSTR_FUTURO/MAGMA-BRIGHT-CODERS/PROYECTOS/ToDo-app/client/src/screens/Categories.js","statementMap":{"0":{"start":{"line":13,"column":19},"end":{"line":59,"column":1}},"1":{"start":{"line":14,"column":22},"end":{"line":14,"column":34}},"2":{"start":{"line":15,"column":34},"end":{"line":15,"column":51}},"3":{"start":{"line":16,"column":51},"end":{"line":16,"column":76}},"4":{"start":{"line":19,"column":4},"end":{"line":21,"column":5}},"5":{"start":{"line":20,"column":8},"end":{"line":20,"column":24}},"6":{"start":{"line":22,"column":2},"end":{"line":58,"column":3}},"7":{"start":{"line":26,"column":27},"end":{"line":26,"column":46}},"8":{"start":{"line":43,"column":38},"end":{"line":43,"column":51}},"9":{"start":{"line":46,"column":14},"end":{"line":52,"column":16}}},"fnMap":{"0":{"name":"(anonymous_0)","decl":{"start":{"line":13,"column":19},"end":{"line":13,"column":20}},"loc":{"start":{"line":13,"column":44},"end":{"line":59,"column":1}},"line":13},"1":{"name":"(anonymous_1)","decl":{"start":{"line":26,"column":21},"end":{"line":26,"column":22}},"loc":{"start":{"line":26,"column":27},"end":{"line":26,"column":46}},"line":26},"2":{"name":"(anonymous_2)","decl":{"start":{"line":43,"column":30},"end":{"line":43,"column":31}},"loc":{"start":{"line":43,"column":38},"end":{"line":43,"column":51}},"line":43},"3":{"name":"(anonymous_3)","decl":{"start":{"line":45,"column":28},"end":{"line":45,"column":29}},"loc":{"start":{"line":46,"column":14},"end":{"line":52,"column":16}},"line":46}},"branchMap":{"0":{"loc":{"start":{"line":19,"column":4},"end":{"line":21,"column":5}},"type":"if","locations":[{"start":{"line":19,"column":4},"end":{"line":21,"column":5}},{"start":{},"end":{}}],"line":19},"1":{"loc":{"start":{"line":19,"column":7},"end":{"line":19,"column":40}},"type":"binary-expr","locations":[{"start":{"line":19,"column":7},"end":{"line":19,"column":24}},{"start":{"line":19,"column":28},"end":{"line":19,"column":40}}],"line":19},"2":{"loc":{"start":{"line":37,"column":11},"end":{"line":54,"column":12}},"type":"cond-expr","locations":[{"start":{"line":38,"column":14},"end":{"line":40,"column":21}},{"start":{"line":41,"column":14},"end":{"line":54,"column":12}}],"line":37}},"s":{"0":0,"1":0,"2":0,"3":0,"4":0,"5":0,"6":0,"7":0,"8":0,"9":0},"f":{"0":0,"1":0,"2":0,"3":0},"b":{"0":[0,0],"1":[0,0],"2":[0,0]}}
,"/home/diana-campos/Documents/JOVENES_CONSTR_FUTURO/MAGMA-BRIGHT-CODERS/PROYECTOS/ToDo-app/client/src/screens/CreateTask.js": {"path":"/home/diana-campos/Documents/JOVENES_CONSTR_FUTURO/MAGMA-BRIGHT-CODERS/PROYECTOS/ToDo-app/client/src/screens/CreateTask.js","statementMap":{"0":{"start":{"line":21,"column":19},"end":{"line":271,"column":1}},"1":{"start":{"line":22,"column":19},"end":{"line":22,"column":35}},"2":{"start":{"line":23,"column":34},"end":{"line":23,"column":47}},"3":{"start":{"line":24,"column":42},"end":{"line":24,"column":56}},"4":{"start":{"line":25,"column":54},"end":{"line":25,"column":66}},"5":{"start":{"line":26,"column":42},"end":{"line":26,"column":54}},"6":{"start":{"line":27,"column":34},"end":{"line":27,"column":49}},"7":{"start":{"line":28,"column":42},"end":{"line":28,"column":56}},"8":{"start":{"line":29,"column":42},"end":{"line":29,"column":56}},"9":{"start":{"line":30,"column":44},"end":{"line":30,"column":58}},"10":{"start":{"line":31,"column":44},"end":{"line":31,"column":58}},"11":{"start":{"line":32,"column":42},"end":{"line":32,"column":56}},"12":{"start":{"line":33,"column":26},"end":{"line":33,"column":46}},"13":{"start":{"line":34,"column":44},"end":{"line":34,"column":58}},"14":{"start":{"line":35,"column":32},"end":{"line":35,"column":47}},"15":{"start":{"line":36,"column":30},"end":{"line":36,"column":42}},"16":{"start":{"line":37,"column":32},"end":{"line":47,"column":4}},"17":{"start":{"line":49,"column":27},"end":{"line":56,"column":3}},"18":{"start":{"line":50,"column":29},"end":{"line":50,"column":43}},"19":{"start":{"line":51,"column":4},"end":{"line":51,"column":32}},"20":{"start":{"line":53,"column":4},"end":{"line":55,"column":5}},"21":{"start":{"line":54,"column":6},"end":{"line":54,"column":16}},"22":{"start":{"line":58,"column":20},"end":{"line":76,"column":3}},"23":{"start":{"line":59,"column":4},"end":{"line":59,"column":20}},"24":{"start":{"line":60,"column":4},"end":{"line":75,"column":5}},"25":{"start":{"line":61,"column":23},"end":{"line":61,"column":55}},"26":{"start":{"line":62,"column":6},"end":{"line":70,"column":7}},"27":{"start":{"line":63,"column":8},"end":{"line":65,"column":10}},"28":{"start":{"line":64,"column":38},"end":{"line":64,"column":65}},"29":{"start":{"line":67,"column":8},"end":{"line":69,"column":10}},"30":{"start":{"line":68,"column":45},"end":{"line":68,"column":72}},"31":{"start":{"line":72,"column":6},"end":{"line":72,"column":50}},"32":{"start":{"line":74,"column":6},"end":{"line":74,"column":23}},"33":{"start":{"line":78,"column":2},"end":{"line":87,"column":82}},"34":{"start":{"line":79,"column":4},"end":{"line":86,"column":8}},"35":{"start":{"line":79,"column":26},"end":{"line":86,"column":5}},"36":{"start":{"line":90,"column":23},"end":{"line":90,"column":71}},"37":{"start":{"line":91,"column":4},"end":{"line":91,"column":32}},"38":{"start":{"line":94,"column":23},"end":{"line":94,"column":85}},"39":{"start":{"line":95,"column":4},"end":{"line":95,"column":32}},"40":{"start":{"line":98,"column":23},"end":{"line":105,"column":3}},"41":{"start":{"line":99,"column":22},"end":{"line":99,"column":24}},"42":{"start":{"line":100,"column":4},"end":{"line":100,"column":78}},"43":{"start":{"line":100,"column":31},"end":{"line":100,"column":78}},"44":{"start":{"line":101,"column":4},"end":{"line":101,"column":64}},"45":{"start":{"line":101,"column":23},"end":{"line":101,"column":64}},"46":{"start":{"line":102,"column":4},"end":{"line":102,"column":64}},"47":{"start":{"line":102,"column":23},"end":{"line":102,"column":64}},"48":{"start":{"line":103,"column":4},"end":{"line":103,"column":96}},"49":{"start":{"line":103,"column":41},"end":{"line":103,"column":96}},"50":{"start":{"line":104,"column":4},"end":{"line":104,"column":21}},"51":{"start":{"line":107,"column":2},"end":{"line":111,"column":3}},"52":{"start":{"line":108,"column":4},"end":{"line":110,"column":5}},"53":{"start":{"line":113,"column":2},"end":{"line":270,"column":3}},"54":{"start":{"line":116,"column":35},"end":{"line":116,"column":54}},"55":{"start":{"line":128,"column":37},"end":{"line":128,"column":81}},"56":{"start":{"line":128,"column":59},"end":{"line":128,"column":79}},"57":{"start":{"line":133,"column":29},"end":{"line":133,"column":52}},"58":{"start":{"line":134,"column":28},"end":{"line":134,"column":49}},"59":{"start":{"line":137,"column":29},"end":{"line":137,"column":53}},"60":{"start":{"line":147,"column":37},"end":{"line":147,"column":61}},"61":{"start":{"line":147,"column":62},"end":{"line":147,"column":86}},"62":{"start":{"line":156,"column":29},"end":{"line":156,"column":52}},"63":{"start":{"line":157,"column":28},"end":{"line":157,"column":49}},"64":{"start":{"line":164,"column":37},"end":{"line":164,"column":61}},"65":{"start":{"line":164,"column":62},"end":{"line":164,"column":86}},"66":{"start":{"line":173,"column":29},"end":{"line":173,"column":52}},"67":{"start":{"line":174,"column":28},"end":{"line":174,"column":49}},"68":{"start":{"line":181,"column":37},"end":{"line":181,"column":65}},"69":{"start":{"line":181,"column":66},"end":{"line":181,"column":94}},"70":{"start":{"line":191,"column":16},"end":{"line":191,"column":43}},"71":{"start":{"line":192,"column":16},"end":{"line":192,"column":37}},"72":{"start":{"line":193,"column":28},"end":{"line":193,"column":49}},"73":{"start":{"line":204,"column":27},"end":{"line":204,"column":54}},"74":{"start":{"line":205,"column":26},"end":{"line":205,"column":47}},"75":{"start":{"line":211,"column":35},"end":{"line":211,"column":85}},"76":{"start":{"line":211,"column":57},"end":{"line":211,"column":83}},"77":{"start":{"line":217,"column":27},"end":{"line":217,"column":57}},"78":{"start":{"line":218,"column":26},"end":{"line":218,"column":47}},"79":{"start":{"line":242,"column":14},"end":{"line":246,"column":15}},"80":{"start":{"line":243,"column":16},"end":{"line":243,"column":37}},"81":{"start":{"line":244,"column":16},"end":{"line":244,"column":41}},"82":{"start":{"line":245,"column":16},"end":{"line":245,"column":33}},"83":{"start":{"line":247,"column":14},"end":{"line":247,"column":35}},"84":{"start":{"line":257,"column":14},"end":{"line":261,"column":15}},"85":{"start":{"line":258,"column":16},"end":{"line":258,"column":37}},"86":{"start":{"line":259,"column":16},"end":{"line":259,"column":41}},"87":{"start":{"line":260,"column":16},"end":{"line":260,"column":33}},"88":{"start":{"line":262,"column":14},"end":{"line":262,"column":35}},"89":{"start":{"line":267,"column":38},"end":{"line":267,"column":56}}},"fnMap":{"0":{"name":"(anonymous_0)","decl":{"start":{"line":21,"column":19},"end":{"line":21,"column":20}},"loc":{"start":{"line":21,"column":37},"end":{"line":271,"column":1}},"line":21},"1":{"name":"(anonymous_1)","decl":{"start":{"line":49,"column":27},"end":{"line":49,"column":28}},"loc":{"start":{"line":49,"column":33},"end":{"line":56,"column":3}},"line":49},"2":{"name":"(anonymous_2)","decl":{"start":{"line":58,"column":20},"end":{"line":58,"column":21}},"loc":{"start":{"line":58,"column":31},"end":{"line":76,"column":3}},"line":58},"3":{"name":"(anonymous_3)","decl":{"start":{"line":64,"column":32},"end":{"line":64,"column":33}},"loc":{"start":{"line":64,"column":38},"end":{"line":64,"column":65}},"line":64},"4":{"name":"(anonymous_4)","decl":{"start":{"line":68,"column":39},"end":{"line":68,"column":40}},"loc":{"start":{"line":68,"column":45},"end":{"line":68,"column":72}},"line":68},"5":{"name":"(anonymous_5)","decl":{"start":{"line":78,"column":12},"end":{"line":78,"column":13}},"loc":{"start":{"line":78,"column":17},"end":{"line":87,"column":3}},"line":78},"6":{"name":"(anonymous_6)","decl":{"start":{"line":79,"column":15},"end":{"line":79,"column":16}},"loc":{"start":{"line":79,"column":26},"end":{"line":86,"column":5}},"line":79},"7":{"name":"formatDate","decl":{"start":{"line":89,"column":11},"end":{"line":89,"column":21}},"loc":{"start":{"line":89,"column":34},"end":{"line":92,"column":3}},"line":89},"8":{"name":"formatTime","decl":{"start":{"line":93,"column":11},"end":{"line":93,"column":21}},"loc":{"start":{"line":93,"column":34},"end":{"line":96,"column":3}},"line":93},"9":{"name":"(anonymous_9)","decl":{"start":{"line":98,"column":23},"end":{"line":98,"column":24}},"loc":{"start":{"line":98,"column":29},"end":{"line":105,"column":3}},"line":98},"10":{"name":"(anonymous_10)","decl":{"start":{"line":116,"column":29},"end":{"line":116,"column":30}},"loc":{"start":{"line":116,"column":35},"end":{"line":116,"column":54}},"line":116},"11":{"name":"(anonymous_11)","decl":{"start":{"line":128,"column":28},"end":{"line":128,"column":29}},"loc":{"start":{"line":128,"column":37},"end":{"line":128,"column":81}},"line":128},"12":{"name":"(anonymous_12)","decl":{"start":{"line":128,"column":48},"end":{"line":128,"column":49}},"loc":{"start":{"line":128,"column":59},"end":{"line":128,"column":79}},"line":128},"13":{"name":"(anonymous_13)","decl":{"start":{"line":133,"column":23},"end":{"line":133,"column":24}},"loc":{"start":{"line":133,"column":29},"end":{"line":133,"column":52}},"line":133},"14":{"name":"(anonymous_14)","decl":{"start":{"line":134,"column":22},"end":{"line":134,"column":23}},"loc":{"start":{"line":134,"column":28},"end":{"line":134,"column":49}},"line":134},"15":{"name":"(anonymous_15)","decl":{"start":{"line":137,"column":23},"end":{"line":137,"column":24}},"loc":{"start":{"line":137,"column":29},"end":{"line":137,"column":53}},"line":137},"16":{"name":"(anonymous_16)","decl":{"start":{"line":147,"column":30},"end":{"line":147,"column":31}},"loc":{"start":{"line":147,"column":36},"end":{"line":147,"column":87}},"line":147},"17":{"name":"(anonymous_17)","decl":{"start":{"line":156,"column":23},"end":{"line":156,"column":24}},"loc":{"start":{"line":156,"column":29},"end":{"line":156,"column":52}},"line":156},"18":{"name":"(anonymous_18)","decl":{"start":{"line":157,"column":22},"end":{"line":157,"column":23}},"loc":{"start":{"line":157,"column":28},"end":{"line":157,"column":49}},"line":157},"19":{"name":"(anonymous_19)","decl":{"start":{"line":164,"column":30},"end":{"line":164,"column":31}},"loc":{"start":{"line":164,"column":36},"end":{"line":164,"column":87}},"line":164},"20":{"name":"(anonymous_20)","decl":{"start":{"line":173,"column":23},"end":{"line":173,"column":24}},"loc":{"start":{"line":173,"column":29},"end":{"line":173,"column":52}},"line":173},"21":{"name":"(anonymous_21)","decl":{"start":{"line":174,"column":22},"end":{"line":174,"column":23}},"loc":{"start":{"line":174,"column":28},"end":{"line":174,"column":49}},"line":174},"22":{"name":"(anonymous_22)","decl":{"start":{"line":181,"column":30},"end":{"line":181,"column":31}},"loc":{"start":{"line":181,"column":36},"end":{"line":181,"column":95}},"line":181},"23":{"name":"(anonymous_23)","decl":{"start":{"line":190,"column":23},"end":{"line":190,"column":24}},"loc":{"start":{"line":190,"column":29},"end":{"line":192,"column":38}},"line":190},"24":{"name":"(anonymous_24)","decl":{"start":{"line":193,"column":22},"end":{"line":193,"column":23}},"loc":{"start":{"line":193,"column":28},"end":{"line":193,"column":49}},"line":193},"25":{"name":"(anonymous_25)","decl":{"start":{"line":204,"column":21},"end":{"line":204,"column":22}},"loc":{"start":{"line":204,"column":27},"end":{"line":204,"column":54}},"line":204},"26":{"name":"(anonymous_26)","decl":{"start":{"line":205,"column":20},"end":{"line":205,"column":21}},"loc":{"start":{"line":205,"column":26},"end":{"line":205,"column":47}},"line":205},"27":{"name":"(anonymous_27)","decl":{"start":{"line":211,"column":26},"end":{"line":211,"column":27}},"loc":{"start":{"line":211,"column":35},"end":{"line":211,"column":85}},"line":211},"28":{"name":"(anonymous_28)","decl":{"start":{"line":211,"column":46},"end":{"line":211,"column":47}},"loc":{"start":{"line":211,"column":57},"end":{"line":211,"column":83}},"line":211},"29":{"name":"(anonymous_29)","decl":{"start":{"line":217,"column":21},"end":{"line":217,"column":22}},"loc":{"start":{"line":217,"column":27},"end":{"line":217,"column":57}},"line":217},"30":{"name":"(anonymous_30)","decl":{"start":{"line":218,"column":20},"end":{"line":218,"column":21}},"loc":{"start":{"line":218,"column":26},"end":{"line":218,"column":47}},"line":218},"31":{"name":"(anonymous_31)","decl":{"start":{"line":241,"column":22},"end":{"line":241,"column":23}},"loc":{"start":{"line":241,"column":43},"end":{"line":248,"column":13}},"line":241},"32":{"name":"(anonymous_32)","decl":{"start":{"line":256,"column":22},"end":{"line":256,"column":23}},"loc":{"start":{"line":256,"column":43},"end":{"line":263,"column":13}},"line":256},"33":{"name":"(anonymous_33)","decl":{"start":{"line":267,"column":33},"end":{"line":267,"column":34}},"loc":{"start":{"line":267,"column":38},"end":{"line":267,"column":56}},"line":267}},"branchMap":{"0":{"loc":{"start":{"line":53,"column":4},"end":{"line":55,"column":5}},"type":"if","locations":[{"start":{"line":53,"column":4},"end":{"line":55,"column":5}},{"start":{},"end":{}}],"line":53},"1":{"loc":{"start":{"line":62,"column":6},"end":{"line":70,"column":7}},"type":"if","locations":[{"start":{"line":62,"column":6},"end":{"line":70,"column":7}},{"start":{"line":66,"column":13},"end":{"line":70,"column":7}}],"line":62},"2":{"loc":{"start":{"line":100,"column":4},"end":{"line":100,"column":
[...]
151,"column":98}},{"start":{},"end":{}}],"line":151},"22":{"loc":{"start":{"line":155,"column":2},"end":{"line":159,"column":3}},"type":"if","locations":[{"start":{"line":155,"column":2},"end":{"line":159,"column":3}},{"start":{},"end":{}}],"line":155},"23":{"loc":{"start":{"line":155,"column":5},"end":{"line":155,"column":66}},"type":"binary-expr","locations":[{"start":{"line":155,"column":5},"end":{"line":155,"column":16}},{"start":{"line":155,"column":20},"end":{"line":155,"column":31}},{"start":{"line":155,"column":35},"end":{"line":155,"column":42}},{"start":{"line":155,"column":46},"end":{"line":155,"column":66}}],"line":155},"24":{"loc":{"start":{"line":191,"column":13},"end":{"line":191,"column":83}},"type":"binary-expr","locations":[{"start":{"line":191,"column":13},"end":{"line":191,"column":25}},{"start":{"line":191,"column":29},"end":{"line":191,"column":83}}],"line":191},"25":{"loc":{"start":{"line":201,"column":21},"end":{"line":201,"column":77}},"type":"cond-expr","locations":[{"start":{"line":201,"column":36},"end":{"line":201,"column":72}},{"start":{"line":201,"column":75},"end":{"line":201,"column":77}}],"line":201},"26":{"loc":{"start":{"line":208,"column":13},"end":{"line":208,"column":81}},"type":"binary-expr","locations":[{"start":{"line":208,"column":13},"end":{"line":208,"column":24}},{"start":{"line":208,"column":28},"end":{"line":208,"column":81}}],"line":208},"27":{"loc":{"start":{"line":218,"column":21},"end":{"line":218,"column":71}},"type":"cond-expr","locations":[{"start":{"line":218,"column":36},"end":{"line":218,"column":67}},{"start":{"line":218,"column":69},"end":{"line":218,"column":71}}],"line":218},"28":{"loc":{"start":{"line":225,"column":13},"end":{"line":225,"column":81}},"type":"binary-expr","locations":[{"start":{"line":225,"column":13},"end":{"line":225,"column":24}},{"start":{"line":225,"column":28},"end":{"line":225,"column":81}}],"line":225},"29":{"loc":{"start":{"line":244,"column":13},"end":{"line":244,"column":93}},"type":"binary-expr","locations":[{"start":{"line":244,"column":13},"end":{"line":244,"column":30}},{"start":{"line":244,"column":34},"end":{"line":244,"column":93}}],"line":244},"30":{"loc":{"start":{"line":284,"column":9},"end":{"line":298,"column":9}},"type":"binary-expr","locations":[{"start":{"line":284,"column":9},"end":{"line":284,"column":32}},{"start":{"line":285,"column":10},"end":{"line":297,"column":12}}],"line":284},"31":{"loc":{"start":{"line":290,"column":14},"end":{"line":294,"column":15}},"type":"if","locations":[{"start":{"line":290,"column":14},"end":{"line":294,"column":15}},{"start":{},"end":{}}],"line":290},"32":{"loc":{"start":{"line":299,"column":9},"end":{"line":313,"column":9}},"type":"binary-expr","locations":[{"start":{"line":299,"column":9},"end":{"line":299,"column":32}},{"start":{"line":300,"column":10},"end":{"line":312,"column":12}}],"line":299},"33":{"loc":{"start":{"line":305,"column":14},"end":{"line":309,"column":15}},"type":"if","locations":[{"start":{"line":305,"column":14},"end":{"line":309,"column":15}},{"start":{},"end":{}}],"line":305}},"s":{"0":0,"1":0,"2":0,"3":0,"4":0,"5":0,"6":0,"7":0,"8":0,"9":0,"10":0,"11":0,"12":0,"13":0,"14":0,"15":0,"16":0,"17":0,"18":0,"19":0,"20":0,"21":0,"22":0,"23":0,"24":0,"25":0,"26":0,"27":0,"28":0,"29":0,"30":0,"31":0,"32":0,"33":0,"34":0,"35":0,"36":0,"37":0,"38":0,"39":0,"40":0,"41":0,"42":0,"43":0,"44":0,"45":0,"46":0,"47":0,"48":0,"49":0,"50":0,"51":0,"52":0,"53":0,"54":0,"55":0,"56":0,"57":0,"58":0,"59":0,"60":0,"61":0,"62":0,"63":0,"64":0,"65":0,"66":0,"67":0,"68":0,"69":0,"70":0,"71":0,"72":0,"73":0,"74":0,"75":0,"76":0,"77":0,"78":0,"79":0,"80":0,"81":0,"82":0,"83":0,"84":0,"85":0,"86":0,"87":0,"88":0,"89":0,"90":0,"91":0,"92":0,"93":0,"94":0,"95":0,"96":0,"97":0,"98":0,"99":0,"100":0,"101":0,"102":0,"103":0,"104":0,"105":0,"106":0,"107":0,"108":0,"109":0,"110":0,"111":0,"112":0,"113":0,"114":0},"f":{"0":0,"1":0,"2":0,"3":0,"4":0,"5":0,"6":0,"7":0,"8":0,"9":0,"10":0,"11":0,"12":0,"13":0,"14":0,"15":0,"16":0,"17":0,"18":0,"19":0,"20":0,"21":0,"22":0,"23":0,"24":0,"25":0,"26":0,"27":0,"28":0,"29":0,"30":0,"31":0,"32":0,"33":0,"34":0,"35":0,"36":0,"37":0,"38":0,"39":0,"40":0},"b":{"0":[0,0],"1":[0,0],"2":[0,0],"3":[0,0],"4":[0,0],"5":[0,0],"6":[0,0],"7":[0,0],"8":[0,0],"9":[0,0],"10":[0,0],"11":[0,0],"12":[0,0],"13":[0,0],"14":[0,0],"15":[0,0],"16":[0,0],"17":[0,0],"18":[0,0],"19":[0,0],"20":[0,0],"21":[0,0],"22":[0,0],"23":[0,0,0,0],"24":[0,0],"25":[0,0],"26":[0,0],"27":[0,0],"28":[0,0],"29":[0,0],"30":[0,0],"31":[0,0],"32":[0,0],"33":[0,0]}}
,"/home/diana-campos/Documents/JOVENES_CONSTR_FUTURO/MAGMA-BRIGHT-CODERS/PROYECTOS/ToDo-app/client/src/screens/Home.js": {"path":"/home/diana-campos/Documents/JOVENES_CONSTR_FUTURO/MAGMA-BRIGHT-CODERS/PROYECTOS/ToDo-app/client/src/screens/Home.js","statementMap":{"0":{"start":{"line":18,"column":13},"end":{"line":109,"column":1}},"1":{"start":{"line":19,"column":19},"end":{"line":19,"column":35}},"2":{"start":{"line":20,"column":34},"end":{"line":20,"column":47}},"3":{"start":{"line":21,"column":46},"end":{"line":21,"column":60}},"4":{"start":{"line":22,"column":49},"end":{"line":22,"column":74}},"5":{"start":{"line":23,"column":32},"end":{"line":23,"column":47}},"6":{"start":{"line":24,"column":38},"end":{"line":24,"column":52}},"7":{"start":{"line":25,"column":23},"end":{"line":25,"column":35}},"8":{"start":{"line":26,"column":28},"end":{"line":26,"column":86}},"9":{"start":{"line":29,"column":2},"end":{"line":33,"column":3}},"10":{"start":{"line":30,"column":4},"end":{"line":32,"column":5}},"11":{"start":{"line":35,"column":2},"end":{"line":108,"column":3}},"12":{"start":{"line":41,"column":39},"end":{"line":41,"column":96}},"13":{"start":{"line":52,"column":38},"end":{"line":52,"column":51}},"14":{"start":{"line":56,"column":16},"end":{"line":62,"column":22}},"15":{"start":{"line":72,"column":43},"end":{"line":72,"column":113}},"16":{"start":{"line":84,"column":38},"end":{"line":84,"column":61}},"17":{"start":{"line":87,"column":18},"end":{"line":93,"column":20}},"18":{"start":{"line":101,"column":27},"end":{"line":101,"column":60}}},"fnMap":{"0":{"name":"(anonymous_0)","decl":{"start":{"line":18,"column":13},"end":{"line":18,"column":14}},"loc":{"start":{"line":18,"column":31},"end":{"line":109,"column":1}},"line":18},"1":{"name":"(anonymous_1)","decl":{"start":{"line":41,"column":32},"end":{"line":41,"column":33}},"loc":{"start":{"line":41,"column":38},"end":{"line":41,"column":97}},"line":41},"2":{"name":"(anonymous_2)","decl":{"start":{"line":52,"column":30},"end":{"line":52,"column":31}},"loc":{"start":{"line":52,"column":38},"end":{"line":52,"column":51}},"line":52},"3":{"name":"(anonymous_3)","decl":{"start":{"line":55,"column":28},"end":{"line":55,"column":29}},"loc":{"start":{"line":56,"column":16},"end":{"line":62,"column":22}},"line":56},"4":{"name":"(anonymous_4)","decl":{"start":{"line":72,"column":36},"end":{"line":72,"column":37}},"loc":{"start":{"line":72,"column":42},"end":{"line":72,"column":114}},"line":72},"5":{"name":"(anonymous_5)","decl":{"start":{"line":84,"column":30},"end":{"line":84,"column":31}},"loc":{"start":{"line":84,"column":38},"end":{"line":84,"column":61}},"line":84},"6":{"name":"(anonymous_6)","decl":{"start":{"line":86,"column":28},"end":{"line":86,"column":29}},"loc":{"start":{"line":87,"column":18},"end":{"line":93,"column":20}},"line":87},"7":{"name":"(anonymous_7)","decl":{"start":{"line":101,"column":21},"end":{"line":101,"column":22}},"loc":{"start":{"line":101,"column":27},"end":{"line":101,"column":60}},"line":101}},"branchMap":{"0":{"loc":{"start":{"line":26,"column":28},"end":{"line":26,"column":86}},"type":"cond-expr","locations":[{"start":{"line":26,"column":38},"end":{"line":26,"column":55}},{"start":{"line":26,"column":58},"end":{"line":26,"column":86}}],"line":26},"1":{"loc":{"start":{"line":29,"column":2},"end":{"line":33,"column":3}},"type":"if","locations":[{"start":{"line":29,"column":2},"end":{"line":33,"column":3}},{"start":{},"end":{}}],"line":29},"2":{"loc":{"start":{"line":29,"column":5},"end":{"line":29,"column":53}},"type":"binary-expr","locations":[{"start":{"line":29,"column":5},"end":{"line":29,"column":16}},{"start":{"line":29,"column":20},"end":{"line":29,"column":32}},{"start":{"line":29,"column":36},"end":{"line":29,"column":53}}],"line":29},"3":{"loc":{"start":{"line":46,"column":13},"end":{"line":65,"column":14}},"type":"cond-expr","locations":[{"start":{"line":47,"column":14},"end":{"line":49,"column":21}},{"start":{"line":50,"column":14},"end":{"line":65,"column":14}}],"line":46},"4":{"loc":{"start":{"line":78,"column":13},"end":{"line":96,"column":14}},"type":"cond-expr","locations":[{"start":{"line":79,"column":14},"end":{"line":81,"column":21}},{"start":{"line":82,"column":14},"end":{"line":96,"column":14}}],"line":78}},"s":{"0":0,"1":0,"2":0,"3":0,"4":0,"5":0,"6":0,"7":0,"8":0,"9":0,"10":0,"11":0,"12":0,"13":0,"14":0,"15":0,"16":0,"17":0,"18":0},"f":{"0":0,"1":0,"2":0,"3":0,"4":0,"5":0,"6":0,"7":0},"b":{"0":[0,0],"1":[0,0],"2":[0,0,0],"3":[0,0],"4":[0,0]}}
,"/home/diana-campos/Documents/JOVENES_CONSTR_FUTURO/MAGMA-BRIGHT-CODERS/PROYECTOS/ToDo-app/client/src/screens/TaskList.js": {"path":"/home/diana-campos/Documents/JOVENES_CONSTR_FUTURO/MAGMA-BRIGHT-CODERS/PROYECTOS/ToDo-app/client/src/screens/TaskList.js","statementMap":{"0":{"start":{"line":13,"column":17},"end":{"line":69,"column":1}},"1":{"start":{"line":14,"column":41},"end":{"line":14,"column":59}},"2":{"start":{"line":15,"column":48},"end":{"line":15,"column":65}},"3":{"start":{"line":16,"column":40},"end":{"line":16,"column":54}},"4":{"start":{"line":17,"column":25},"end":{"line":17,"column":37}},"5":{"start":{"line":20,"column":26},"end":{"line":26,"column":16}},"6":{"start":{"line":23,"column":43},"end":{"line":25,"column":60}},"7":{"start":{"line":28,"column":12},"end":{"line":30,"column":11}},"8":{"start":{"line":29,"column":14},"end":{"line":29,"column":30}},"9":{"start":{"line":32,"column":2},"end":{"line":68,"column":3}},"10":{"start":{"line":36,"column":27},"end":{"line":36,"column":54}},"11":{"start":{"line":53,"column":38},"end":{"line":53,"column":61}},"12":{"start":{"line":56,"column":18},"end":{"line":62,"column":20}}},"fnMap":{"0":{"name":"(anonymous_0)","decl":{"start":{"line":13,"column":17},"end":{"line":13,"column":18}},"loc":{"start":{"line":13,"column":42},"end":{"line":69,"column":1}},"line":13},"1":{"name":"(anonymous_1)","decl":{"start":{"line":23,"column":35},"end":{"line":23,"column":36}},"loc":{"start":{"line":23,"column":43},"end":{"line":25,"column":60}},"line":23},"2":{"name":"(anonymous_2)","decl":{"start":{"line":36,"column":21},"end":{"line":36,"column":22}},"loc":{"start":{"line":36,"column":27},"end":{"line":36,"column":54}},"line":36},"3":{"name":"(anonymous_3)","decl":{"start":{"line":53,"column":30},"end":{"line":53,"column":31}},"loc":{"start":{"line":53,"column":38},"end":{"line":53,"column":61}},"line":53},"4":{"name":"(anonymous_4)","decl":{"start":{"line":55,"column":28},"end":{"line":55,"column":29}},"loc":{"start":{"line":56,"column":18},"end":{"line":62,"column":20}},"line":56}},"branchMap":{"0":{"loc":{"start":{"line":14,"column":41},"end":{"line":14,"column":59}},"type":"binary-expr","locations":[{"start":{"line":14,"column":41},"end":{"line":14,"column":53}},{"start":{"line":14,"column":57},"end":{"line":14,"column":59}}],"line":14},"1":{"loc":{"start":{"line":20,"column":26},"end":{"line":26,"column":16}},"type":"cond-expr","locations":[{"start":{"line":21,"column":10},"end":{"line":21,"column":21}},{"start":{"line":22,"column":10},"end":{"line":26,"column":16}}],"line":20},"2":{"loc":{"start":{"line":21,"column":10},"end":{"line":21,"column":21}},"type":"binary-expr","locations":[{"start":{"line":21,"column":10},"end":{"line":21,"column":15}},{"start":{"line":21,"column":19},"end":{"line":21,"column":21}}],"line":21},"3":{"loc":{"start":{"line":22,"column":10},"end":{"line":26,"column":16}},"type":"cond-expr","locations":[{"start":{"line":23,"column":14},"end":{"line":25,"column":61}},{"start":{"line":26,"column":14},"end":{"line":26,"column":16}}],"line":22},"4":{"loc":{"start":{"line":23,"column":15},"end":{"line":23,"column":26}},"type":"binary-expr","locations":[{"start":{"line":23,"column":15},"end":{"line":23,"column":20}},{"start":{"line":23,"column":24},"end":{"line":23,"column":26}}],"line":23},"5":{"loc":{"start":{"line":23,"column":43},"end":{"line":25,"column":60}},"type":"cond-expr","locations":[{"start":{"line":24,"column":18},"end":{"line":24,"column":52}},{"start":{"line":25,"column":18},"end":{"line":25,"column":60}}],"line":23},"6":{"loc":{"start":{"line":28,"column":12},"end":{"line":30,"column":11}},"type":"if","locations":[{"start":{"line":28,"column":12},"end":{"line":30,"column":11}},{"start":{},"end":{}}],"line":28},"7":{"loc":{"start":{"line":44,"column":32},"end":{"line":44,"column":89}},"type":"cond-expr","locations":[{"start":{"line":44,"column":42},"end":{"line":44,"column":75}},{"start":{"line":44,"column":78},"end":{"line":44,"column":89}}],"line":44},"8":{"loc":{"start":{"line":47,"column":13},"end":{"line":64,"column":10}},"type":"cond-expr","locations":[{"start":{"line":48,"column":14},"end":{"line":50,"column":21}},{"start":{"line":51,"column":14},"end":{"line":64,"column":10}}],"line":47},"9":{"loc":{"start":{"line":47,"column":13},"end":{"line":47,"column":59}},"type":"binary-expr","locations":[{"start":{"line":47,"column":13},"end":{"line":47,"column":30}},{"start":{"line":47,"column":34},"end":{"line":47,"column":59}}],"line":47}},"s":{"0":0,"1":0,"2":0,"3":0,"4":0,"5":0,"6":0,"7":0,"8":0,"9":0,"10":0,"11":0,"12":0},"f":{"0":0,"1":0,"2":0,"3":0,"4":0},"b":{"0":[0,0],"1":[0,0],"2":[0,0],"3":[0,0],"4":[0,0],"5":[0,0],"6":[0,0],"7":[0,0],"8":[0,0],"9":[0,0]}}
,"/home/diana-campos/Documents/JOVENES_CONSTR_FUTURO/MAGMA-BRIGHT-CODERS/PROYECTOS/ToDo-app/client/src/styles/colorsTheme.js": {"path":"/home/diana-campos/Documents/JOVENES_CONSTR_FUTURO/MAGMA-BRIGHT-CODERS/PROYECTOS/ToDo-app/client/src/styles/colorsTheme.js","statementMap":{"0":{"start":{"line":1,"column":27},"end":{"line":21,"column":3}}},"fnMap":{},"branchMap":{},"s":{"0":0},"f":{},"b":{}}
,"/home/diana-campos/Documents/JOVENES_CONSTR_FUTURO/MAGMA-BRIGHT-CODERS/PROYECTOS/ToDo-app/client/src/styles/containers.js": {"path":"/home/diana-campos/Documents/JOVENES_CONSTR_FUTURO/MAGMA-BRIGHT-CODERS/PROYECTOS/ToDo-app/client/src/styles/containers.js","statementMap":{"0":{"start":{"line":4,"column":26},"end":{"line":95,"column":2}}},"fnMap":{},"branchMap":{},"s":{"0":0},"f":{},"b":{}}
,"/home/diana-campos/Documents/JOVENES_CONSTR_FUTURO/MAGMA-BRIGHT-CODERS/PROYECTOS/ToDo-app/client/src/styles/fontsTheme.js": {"path":"/home/diana-campos/Documents/JOVENES_CONSTR_FUTURO/MAGMA-BRIGHT-CODERS/PROYECTOS/ToDo-app/client/src/styles/fontsTheme.js","statementMap":{"0":{"start":{"line":3,"column":26},"end":{"line":85,"column":1}}},"fnMap":{},"branchMap":{},"s":{"0":0},"f":{},"b":{}}
,"/home/diana-campos/Documents/JOVENES_CONSTR_FUTURO/MAGMA-BRIGHT-CODERS/PROYECTOS/ToDo-app/client/src/styles/components/category.js": {"path":"/home/diana-campos/Documents/JOVENES_CONSTR_FUTURO/MAGMA-BRIGHT-CODERS/PROYECTOS/ToDo-app/client/src/styles/components/category.js","statementMap":{"0":{"start":{"line":4,"column":24},"end":{"line":30,"column":2}}},"fnMap":{},"branchMap":{},"s":{"0":0},"f":{},"b":{}}
,"/home/diana-campos/Documents/JOVENES_CONSTR_FUTURO/MAGMA-BRIGHT-CODERS/PROYECTOS/ToDo-app/client/src/styles/components/categoryModal.js": {"path":"/home/diana-campos/Documents/JOVENES_CONSTR_FUTURO/MAGMA-BRIGHT-CODERS/PROYECTOS/ToDo-app/client/src/styles/components/categoryModal.js","statementMap":{"0":{"start":{"line":4,"column":29},"end":{"line":46,"column":2}}},"fnMap":{},"branchMap":{},"s":{"0":0},"f":{},"b":{}}
,"/home/diana-campos/Documents/JOVENES_CONSTR_FUTURO/MAGMA-BRIGHT-CODERS/PROYECTOS/ToDo-app/client/src/styles/components/customButton.js": {"path":"/home/diana-campos/Documents/JOVENES_CONSTR_FUTURO/MAGMA-BRIGHT-CODERS/PROYECTOS/ToDo-app/client/src/styles/components/customButton.js","statementMap":{"0":{"start":{"line":4,"column":28},"end":{"line":34,"column":2}}},"fnMap":{},"branchMap":{},"s":{"0":0},"f":{},"b":{}}
,"/home/diana-campos/Documents/JOVENES_CONSTR_FUTURO/MAGMA-BRIGHT-CODERS/PROYECTOS/ToDo-app/client/src/styles/components/customDetailField.js": {"path":"/home/diana-campos/Documents/JOVENES_CONSTR_FUTURO/MAGMA-BRIGHT-CODERS/PROYECTOS/ToDo-app/client/src/styles/components/customDetailField.js","statementMap":{"0":{"start":{"line":4,"column":33},"end":{"line":28,"column":2}}},"fnMap":{},"branchMap":{},"s":{"0":0},"f":{},"b":{}}
,"/home/diana-campos/Documents/JOVENES_CONSTR_FUTURO/MAGMA-BRIGHT-CODERS/PROYECTOS/ToDo-app/client/src/styles/components/customIcon.js": {"path":"/home/diana-campos/Documents/JOVENES_CONSTR_FUTURO/MAGMA-BRIGHT-CODERS/PROYECTOS/ToDo-app/client/src/styles/components/customIcon.js","statementMap":{"0":{"start":{"line":4,"column":26},"end":{"line":17,"column":2}}},"fnMap":{},"branchMap":{},"s":{"0":0},"f":{},"b":{}}
,"/home/diana-campos/Documents/JOVENES_CONSTR_FUTURO/MAGMA-BRIGHT-CODERS/PROYECTOS/ToDo-app/client/src/styles/components/customUserName.js": {"path":"/home/diana-campos/Documents/JOVENES_CONSTR_FUTURO/MAGMA-BRIGHT-CODERS/PROYECTOS/ToDo-app/client/src/styles/components/customUserName.js","statementMap":{"0":{"start":{"line":5,"column":30},"end":{"line":28,"column":2}}},"fnMap":{},"branchMap":{},"s":{"0":0},"f":{},"b":{}}
,"/home/diana-campos/Documents/JOVENES_CONSTR_FUTURO/MAGMA-BRIGHT-CODERS/PROYECTOS/ToDo-app/client/src/styles/components/emojiModal.js": {"path":"/home/diana-campos/Documents/JOVENES_CONSTR_FUTURO/MAGMA-BRIGHT-CODERS/PROYECTOS/ToDo-app/client/src/styles/components/emojiModal.js","statementMap":{"0":{"start":{"line":4,"column":26},"end":{"line":32,"column":6}}},"fnMap":{},"branchMap":{},"s":{"0":0},"f":{},"b":{}}
,"/home/diana-campos/Documents/JOVENES_CONSTR_FUTURO/MAGMA-BRIGHT-CODERS/PROYECTOS/ToDo-app/client/src/styles/components/selCategory.js": {"path":"/home/diana-campos/Documents/JOVENES_CONSTR_FUTURO/MAGMA-BRIGHT-CODERS/PROYECTOS/ToDo-app/client/src/styles/components/selCategory.js","statementMap":{"0":{"start":{"line":4,"column":27},"end":{"line":37,"column":2}}},"fnMap":{},"branchMap":{},"s":{"0":0},"f":{},"b":{}}
,"/home/diana-campos/Documents/JOVENES_CONSTR_FUTURO/MAGMA-BRIGHT-CODERS/PROYECTOS/ToDo-app/client/src/styles/components/task.js": {"path":"/home/diana-campos/Documents/JOVENES_CONSTR_FUTURO/MAGMA-BRIGHT-CODERS/PROYECTOS/ToDo-app/client/src/styles/components/task.js","statementMap":{"0":{"start":{"line":4,"column":20},"end":{"line":31,"column":2}}},"fnMap":{},"branchMap":{},"s":{"0":0},"f":{},"b":{}}
,"/home/diana-campos/Documents/JOVENES_CONSTR_FUTURO/MAGMA-BRIGHT-CODERS/PROYECTOS/ToDo-app/client/src/styles/components/taskInput.js": {"path":"/home/diana-campos/Documents/JOVENES_CONSTR_FUTURO/MAGMA-BRIGHT-CODERS/PROYECTOS/ToDo-app/client/src/styles/components/taskInput.js","statementMap":{"0":{"start":{"line":4,"column":25},"end":{"line":81,"column":2}}},"fnMap":{},"branchMap":{},"s":{"0":0},"f":{},"b":{}}
,"/home/diana-campos/Documents/JOVENES_CONSTR_FUTURO/MAGMA-BRIGHT-CODERS/PROYECTOS/ToDo-app/client/src/styles/screens/detail.js": {"path":"/home/diana-campos/Documents/JOVENES_CONSTR_FUTURO/MAGMA-BRIGHT-CODERS/PROYECTOS/ToDo-app/client/src/styles/screens/detail.js","statementMap":{"0":{"start":{"line":4,"column":22},"end":{"line":29,"column":2}}},"fnMap":{},"branchMap":{},"s":{"0":0},"f":{},"b":{}}
,"/home/diana-campos/Documents/JOVENES_CONSTR_FUTURO/MAGMA-BRIGHT-CODERS/PROYECTOS/ToDo-app/client/src/styles/screens/taskList.js": {"path":"/home/diana-campos/Documents/JOVENES_CONSTR_FUTURO/MAGMA-BRIGHT-CODERS/PROYECTOS/ToDo-app/client/src/styles/screens/taskList.js","statementMap":{"0":{"start":{"line":4,"column":24},"end":{"line":21,"column":2}}},"fnMap":{},"branchMap":{},"s":{"0":0},"f":{},"b":{}}
}
